#
# There is insufficient memory for the Java Runtime Environment to continue.
# Native memory allocation (malloc) failed to allocate 1048576 bytes. Error detail: AllocateHeap
# Possible reasons:
#   The system is out of physical RAM or swap space
#   This process is running with CompressedOops enabled, and the Java Heap may be blocking the growth of the native heap
# Possible solutions:
#   Reduce memory load on the system
#   Increase physical memory or swap space
#   Check if swap backing store is full
#   Decrease Java heap size (-Xmx/-Xms)
#   Decrease number of Java threads
#   Decrease Java thread stack sizes (-Xss)
#   Set larger code cache with -XX:ReservedCodeCacheSize=
#   JVM is running with Unscaled Compressed Oops mode in which the Java heap is
#     placed in the first 4GB address space. The Java Heap base address is the
#     maximum limit for the native heap growth. Please use -XX:HeapBaseMinAddress
#     to set the Java Heap base and to place the Java Heap above 4GB virtual address.
# This output file may be truncated or incomplete.
#
#  Out of Memory Error (allocation.cpp:44), pid=1840, tid=19736
#
# JRE version:  (21.0.4) (build )
# Java VM: OpenJDK 64-Bit Server VM (21.0.4+-12508038-b607.1, mixed mode, sharing, tiered, compressed oops, compressed class ptrs, g1 gc, windows-amd64)
# No core dump will be written. Minidumps are not enabled by default on client versions of Windows
#

---------------  S U M M A R Y ------------

Command Line: git4idea.http.GitAskPassApp Username for 'https://gitlab.computing.dcu.ie': 

Host: AMD Ryzen 7 5700U with Radeon Graphics         , 16 cores, 5G,  Windows 11 , 64 bit Build 26100 (10.0.26100.2454)
Time: Tue Feb 11 15:22:43 2025 GMT Standard Time elapsed time: 1.031114 seconds (0d 0h 0m 1s)

---------------  T H R E A D  ---------------

Current thread (0x0000023ef92b1570):  JavaThread "Unknown thread" [_thread_in_vm, id=19736, stack(0x000000a010000000,0x000000a010100000) (1024K)]

Stack: [0x000000a010000000,0x000000a010100000]
Native frames: (J=compiled Java code, j=interpreted, Vv=VM code, C=native code)
V  [jvm.dll+0x6ce539]
V  [jvm.dll+0x85bf03]
V  [jvm.dll+0x85e45e]
V  [jvm.dll+0x85eb43]
V  [jvm.dll+0x27dd06]
V  [jvm.dll+0xba147]
V  [jvm.dll+0x3246b5]
V  [jvm.dll+0x82391d]
V  [jvm.dll+0x3bacf8]
V  [jvm.dll+0x80cd58]
V  [jvm.dll+0x44ef2e]
V  [jvm.dll+0x450691]
C  [jli.dll+0x52ab]
C  [ucrtbase.dll+0x14ea0]
C  [KERNEL32.DLL+0x2e8d7]
C  [ntdll.dll+0xdfbcc]


---------------  P R O C E S S  ---------------

Threads class SMR info:
_java_thread_list=0x00007ffdf769a808, length=0, elements={
}

Java Threads: ( => current thread )
Total: 0

Other Threads:

=>0x0000023ef92b1570 (exited) JavaThread "Unknown thread"    [_thread_in_vm, id=19736, stack(0x000000a010000000,0x000000a010100000) (1024K)]
Total: 1

Threads with active compile tasks:
Total: 0

VM state: not at safepoint (not fully initialized)

VM Mutex/Monitor currently owned by a thread: None

Heap address: 0x0000000000000000, size: 0 MB, Compressed Oops mode: 32-bit

CDS archive(s) mapped at: [0x0000000000000000-0x0000000000000000-0x0000000000000000), size 0, SharedBaseAddress: 0x0000000800000000, ArchiveRelocationMode: 1.
Narrow klass base: 0x0000000000000000, Narrow klass shift: 0, Narrow klass range: 0x0

GC Precious Log:
 CardTable entry size: 512
 Card Set container configuration: InlinePtr #cards 5 size 8 Array Of Cards #cards 12 size 40 Howl #buckets 4 coarsen threshold 1843 Howl Bitmap #cards 512 size 80 coarsen threshold 460 Card regions per heap region 1 cards per card region 2048

GC Heap History (0 events):
No events

Dll operation events (1 events):
Event: 0.015 Loaded shared library C:\Program Files\Android\Android Studio\jbr\bin\java.dll

Deoptimization events (0 events):
No events

Classes loaded (0 events):
No events

Classes unloaded (0 events):
No events

Classes redefined (0 events):
No events

Internal exceptions (0 events):
No events

ZGC Phase Switch (0 events):
No events

VM Operations (0 events):
No events

Memory protections (0 events):
No events

Nmethod flushes (0 events):
No events

Events (0 events):
No events


Dynamic libraries:
0x00007ff71c2b0000 - 0x00007ff71c2ba000 	C:\Program Files\Android\Android Studio\jbr\bin\java.exe
0x00007ffe61f00000 - 0x00007ffe62163000 	C:\WINDOWS\SYSTEM32\ntdll.dll
0x00007ffe60860000 - 0x00007ffe60928000 	C:\WINDOWS\System32\KERNEL32.DLL
0x00007ffe5f4a0000 - 0x00007ffe5f852000 	C:\WINDOWS\System32\KERNELBASE.dll
0x00007ffe5fb50000 - 0x00007ffe5fc9b000 	C:\WINDOWS\System32\ucrtbase.dll
0x00007ffe4f7b0000 - 0x00007ffe4f7cb000 	C:\Program Files\Android\Android Studio\jbr\bin\VCRUNTIME140.dll
0x00007ffe4fd70000 - 0x00007ffe4fd88000 	C:\Program Files\Android\Android Studio\jbr\bin\jli.dll
0x00007ffe5fe10000 - 0x00007ffe5ffd8000 	C:\WINDOWS\System32\USER32.dll
0x00007ffe5fb20000 - 0x00007ffe5fb47000 	C:\WINDOWS\System32\win32u.dll
0x00007ffe60dc0000 - 0x00007ffe60dea000 	C:\WINDOWS\System32\GDI32.dll
0x00007ffe5f370000 - 0x00007ffe5f49b000 	C:\WINDOWS\System32\gdi32full.dll
0x00007ffe5f860000 - 0x00007ffe5f903000 	C:\WINDOWS\System32\msvcp_win.dll
0x00007ffe4c760000 - 0x00007ffe4c9f0000 	C:\WINDOWS\WinSxS\amd64_microsoft.windows.common-controls_6595b64144ccf1df_6.0.26100.2454_none_3e0b68a2e331ad60\COMCTL32.dll
0x00007ffe5fd60000 - 0x00007ffe5fe09000 	C:\WINDOWS\System32\msvcrt.dll
0x00007ffe60730000 - 0x00007ffe6075f000 	C:\WINDOWS\System32\IMM32.DLL
0x00007ffe57450000 - 0x00007ffe5745c000 	C:\Program Files\Android\Android Studio\jbr\bin\vcruntime140_1.dll
0x00007ffe4e4e0000 - 0x00007ffe4e56d000 	C:\Program Files\Android\Android Studio\jbr\bin\msvcp140.dll
0x00007ffdf6b60000 - 0x00007ffdf77e3000 	C:\Program Files\Android\Android Studio\jbr\bin\server\jvm.dll
0x00007ffe61560000 - 0x00007ffe61614000 	C:\WINDOWS\System32\ADVAPI32.dll
0x00007ffe60fc0000 - 0x00007ffe61066000 	C:\WINDOWS\System32\sechost.dll
0x00007ffe60ea0000 - 0x00007ffe60fb6000 	C:\WINDOWS\System32\RPCRT4.dll
0x00007ffe601d0000 - 0x00007ffe60244000 	C:\WINDOWS\System32\WS2_32.dll
0x00007ffe547a0000 - 0x00007ffe547d6000 	C:\WINDOWS\SYSTEM32\WINMM.dll
0x00007ffe5f160000 - 0x00007ffe5f1ae000 	C:\WINDOWS\SYSTEM32\POWRPROF.dll
0x00007ffe547e0000 - 0x00007ffe547eb000 	C:\WINDOWS\SYSTEM32\VERSION.dll
0x00007ffe5f140000 - 0x00007ffe5f154000 	C:\WINDOWS\SYSTEM32\UMPDC.dll
0x00007ffe5e110000 - 0x00007ffe5e12a000 	C:\WINDOWS\SYSTEM32\kernel.appcore.dll
0x00007ffe57400000 - 0x00007ffe5740a000 	C:\Program Files\Android\Android Studio\jbr\bin\jimage.dll
0x00007ffe5ca20000 - 0x00007ffe5cc61000 	C:\WINDOWS\SYSTEM32\DBGHELP.DLL
0x00007ffe610f0000 - 0x00007ffe6146e000 	C:\WINDOWS\System32\combase.dll
0x00007ffe60490000 - 0x00007ffe60566000 	C:\WINDOWS\System32\OLEAUT32.dll
0x00007ffe47d90000 - 0x00007ffe47dc9000 	C:\WINDOWS\SYSTEM32\dbgcore.DLL
0x00007ffe5f2d0000 - 0x00007ffe5f369000 	C:\WINDOWS\System32\bcryptPrimitives.dll
0x00007ffe4f770000 - 0x00007ffe4f790000 	C:\Program Files\Android\Android Studio\jbr\bin\java.dll

dbghelp: loaded successfully - version: 4.0.5 - missing functions: none
symbol engine: initialized successfully - sym options: 0x614 - pdb path: .;C:\Program Files\Android\Android Studio\jbr\bin;C:\WINDOWS\SYSTEM32;C:\WINDOWS\WinSxS\amd64_microsoft.windows.common-controls_6595b64144ccf1df_6.0.26100.2454_none_3e0b68a2e331ad60;C:\Program Files\Android\Android Studio\jbr\bin\server

VM Arguments:
java_command: git4idea.http.GitAskPassApp Username for 'https://gitlab.computing.dcu.ie': 
java_class_path (initial): C:/Program Files/Android/Android Studio/plugins/vcs-git/lib/git4idea-rt.jar;C:/Program Files/Android/Android Studio/lib/externalProcess-rt.jar
Launcher Type: SUN_STANDARD

[Global flags]
     intx CICompilerCount                          = 12                                        {product} {ergonomic}
     uint ConcGCThreads                            = 3                                         {product} {ergonomic}
     uint G1ConcRefinementThreads                  = 13                                        {product} {ergonomic}
   size_t G1HeapRegionSize                         = 1048576                                   {product} {ergonomic}
    uintx GCDrainStackTargetSize                   = 64                                        {product} {ergonomic}
   size_t InitialHeapSize                          = 98566144                                  {product} {ergonomic}
   size_t MarkStackSize                            = 4194304                                   {product} {ergonomic}
   size_t MaxHeapSize                              = 1568669696                                {product} {ergonomic}
   size_t MinHeapDeltaBytes                        = 1048576                                   {product} {ergonomic}
   size_t MinHeapSize                              = 8388608                                   {product} {ergonomic}
    uintx NonNMethodCodeHeapSize                   = 7602480                                {pd product} {ergonomic}
    uintx NonProfiledCodeHeapSize                  = 122027880                              {pd product} {ergonomic}
    uintx ProfiledCodeHeapSize                     = 122027880                              {pd product} {ergonomic}
    uintx ReservedCodeCacheSize                    = 251658240                              {pd product} {ergonomic}
     bool SegmentedCodeCache                       = true                                      {product} {ergonomic}
   size_t SoftMaxHeapSize                          = 1568669696                             {manageable} {ergonomic}
     bool UseCompressedOops                        = true                           {product lp64_product} {ergonomic}
     bool UseG1GC                                  = true                                      {product} {ergonomic}
     bool UseLargePagesIndividualAllocation        = false                                  {pd product} {ergonomic}

Logging:
Log output configuration:
 #0: stdout all=warning uptime,level,tags foldmultilines=false
 #1: stderr all=off uptime,level,tags foldmultilines=false

Environment Variables:
JAVA_HOME=C:\Users\nkemj\Downloads\openjdk-23.0.2_windows-x64_bin\jdk-23.0.2\
PATH=C:\Program Files\Git\mingw64\libexec\git-core;C:\Program Files\Git\mingw64\libexec\git-core;C:\Program Files\Git\mingw64\bin;C:\Program Files\Git\usr\bin;C:\Users\nkemj\bin;C:\WINDOWS\system32;C:\WINDOWS;C:\WINDOWS\System32\Wbem;C:\WINDOWS\System32\WindowsPowerShell\v1.0;C:\WINDOWS\System32\OpenSSH;C:\Program Files\Sublime Text;C:\Program Files\Git\cmd;C:\MinGW\bin;C:\Program Files\Docker\Docker\resources\bin;C:\Program Files\nodejs;C:\Users\nkemj\Downloads\openjdk-23.0.2_windows-x64_bin\jdk-23.0.2\bin;C:\Program Files\MySQL\MySQL Shell 8.0\bin;C:\Users\nkemj\AppData\Local\Microsoft\WindowsApps;C:\Users\nkemj\AppData\Local\Programs\Microsoft VS Code\bin;C:\Users\nkemj\AppData\Local\GitHubDesktop\bin;C:\Users\nkemj\AppData\Roaming\npm;C:\ghcup\bin;C:\Tools\Gradle\gradle-8.12\bin
USERNAME=nkemj
DISPLAY=:0.0
LC_ALL=en_US.UTF-8
TERM=xterm-256color
TMPDIR=C:\Users\nkemj\AppData\Local\Temp
OS=Windows_NT
PROCESSOR_IDENTIFIER=AMD64 Family 23 Model 104 Stepping 1, AuthenticAMD
TMP=C:\Users\nkemj\AppData\Local\Temp
TEMP=C:\Users\nkemj\AppData\Local\Temp




Periodic native trim disabled

JNI global refs:
JNI global refs: 0, weak refs: 0

JNI global refs memory usage: 0, weak refs: 0

Process memory usage:
Resident Set Size: 11872K (0% of 6122044K total physical memory with 234808K free physical memory)

OOME stack traces (most recent first):
Classloader memory used:

---------------  S Y S T E M  ---------------

OS:
 Windows 11 , 64 bit Build 26100 (10.0.26100.2454)
OS uptime: 1 days 10:35 hours
Hyper-V role detected

CPU: total 16 (initial active 16) (16 cores per cpu, 2 threads per core) family 23 model 104 stepping 1 microcode 0x8608103, cx8, cmov, fxsr, ht, mmx, 3dnowpref, sse, sse2, sse3, ssse3, sse4a, sse4.1, sse4.2, popcnt, lzcnt, tsc, tscinvbit, avx, avx2, aes, clmul, bmi1, bmi2, adx, sha, fma, vzeroupper, clflush, clflushopt, hv, rdtscp, rdpid, f16c
Processor Information for all 16 processors :
  Max Mhz: 1801, Current Mhz: 1801, Mhz Limit: 1801

Memory: 4k page, system-wide physical 5978M (229M free)
TotalPageFile size 24410M (AvailPageFile size 6M)
current process WorkingSet (physical memory assigned to process): 11M, peak: 11M
current process commit charge ("private bytes"): 17M, peak: 18M

vm_info: OpenJDK 64-Bit Server VM (21.0.4+-12508038-b607.1) for windows-amd64 JRE (21.0.4+-12508038-b607.1), built on 2024-10-16T17:23:34Z by "builder" with MS VC++ 16.10 / 16.11 (VS2019)

END.
