#
# There is insufficient memory for the Java Runtime Environment to continue.
# Native memory allocation (malloc) failed to allocate 2080512 bytes. Error detail: Chunk::new
# Possible reasons:
#   The system is out of physical RAM or swap space
#   This process is running with CompressedOops enabled, and the Java Heap may be blocking the growth of the native heap
# Possible solutions:
#   Reduce memory load on the system
#   Increase physical memory or swap space
#   Check if swap backing store is full
#   Decrease Java heap size (-Xmx/-Xms)
#   Decrease number of Java threads
#   Decrease Java thread stack sizes (-Xss)
#   Set larger code cache with -XX:ReservedCodeCacheSize=
#   JVM is running with Unscaled Compressed Oops mode in which the Java heap is
#     placed in the first 4GB address space. The Java Heap base address is the
#     maximum limit for the native heap growth. Please use -XX:HeapBaseMinAddress
#     to set the Java Heap base and to place the Java Heap above 4GB virtual address.
# This output file may be truncated or incomplete.
#
#  Out of Memory Error (arena.cpp:168), pid=8232, tid=22908
#
# JRE version: OpenJDK Runtime Environment (21.0.4) (build 21.0.4+-12508038-b607.1)
# Java VM: OpenJDK 64-Bit Server VM (21.0.4+-12508038-b607.1, mixed mode, tiered, compressed oops, compressed class ptrs, g1 gc, windows-amd64)
# No core dump will be written. Minidumps are not enabled by default on client versions of Windows
#

---------------  S U M M A R Y ------------

Command Line: org.jetbrains.kotlin.cli.jvm.K2JVMCompiler @C:\Users\nkemj\StudioProjects\2025-csc1049-kfasan-waggify\code\app\build\20250211_3810082374476700996.compiler.options

Host: AMD Ryzen 7 5700U with Radeon Graphics         , 16 cores, 5G,  Windows 11 , 64 bit Build 26100 (10.0.26100.2454)
Time: Tue Feb 11 01:03:20 2025 GMT Standard Time elapsed time: 7.567473 seconds (0d 0h 0m 7s)

---------------  T H R E A D  ---------------

Current thread (0x000001cffbdf0470):  JavaThread "C2 CompilerThread1" daemon [_thread_in_native, id=22908, stack(0x00000064d3c00000,0x00000064d3d00000) (1024K)]


Current CompileTask:
C2:   7567 5772       4       org.jetbrains.kotlin.cli.jvm.index.JvmDependenciesIndexImpl::search (374 bytes)

Stack: [0x00000064d3c00000,0x00000064d3d00000]
Native frames: (J=compiled Java code, j=interpreted, Vv=VM code, C=native code)
V  [jvm.dll+0x6ce539]
V  [jvm.dll+0x85bf03]
V  [jvm.dll+0x85e45e]
V  [jvm.dll+0x85eb43]
V  [jvm.dll+0x27dd06]
V  [jvm.dll+0xbf9cd]
V  [jvm.dll+0xbff03]
V  [jvm.dll+0x3b4deb]
V  [jvm.dll+0x380f07]
V  [jvm.dll+0x38037a]
V  [jvm.dll+0x2473f2]
V  [jvm.dll+0x2469c1]
V  [jvm.dll+0x1c58a4]
V  [jvm.dll+0x255fec]
V  [jvm.dll+0x254536]
V  [jvm.dll+0x3efab6]
V  [jvm.dll+0x804418]
V  [jvm.dll+0x6cce0d]
C  [ucrtbase.dll+0x14ea0]
C  [KERNEL32.DLL+0x2e8d7]
C  [ntdll.dll+0xdfbcc]


---------------  P R O C E S S  ---------------

Threads class SMR info:
_java_thread_list=0x000001cffe4b31d0, length=15, elements={
0x000001cfde5b93b0, 0x000001cffa05b640, 0x000001cffa067150, 0x000001cffa0815c0,
0x000001cffa072720, 0x000001cffa076f10, 0x000001cffa078d80, 0x000001cffa0845a0,
0x000001cffa0890b0, 0x000001cffa19ae40, 0x000001cffa222f10, 0x000001cffa225f90,
0x000001cffa52ae80, 0x000001cffa7d7060, 0x000001cffbdf0470
}

Java Threads: ( => current thread )
  0x000001cfde5b93b0 JavaThread "main"                              [_thread_in_Java, id=22328, stack(0x00000064d1900000,0x00000064d1a00000) (1024K)]
  0x000001cffa05b640 JavaThread "Reference Handler"          daemon [_thread_blocked, id=16404, stack(0x00000064d2100000,0x00000064d2200000) (1024K)]
  0x000001cffa067150 JavaThread "Finalizer"                  daemon [_thread_blocked, id=17224, stack(0x00000064d2200000,0x00000064d2300000) (1024K)]
  0x000001cffa0815c0 JavaThread "Signal Dispatcher"          daemon [_thread_blocked, id=19732, stack(0x00000064d2300000,0x00000064d2400000) (1024K)]
  0x000001cffa072720 JavaThread "Attach Listener"            daemon [_thread_blocked, id=4456, stack(0x00000064d2400000,0x00000064d2500000) (1024K)]
  0x000001cffa076f10 JavaThread "Service Thread"             daemon [_thread_blocked, id=15164, stack(0x00000064d2500000,0x00000064d2600000) (1024K)]
  0x000001cffa078d80 JavaThread "Monitor Deflation Thread"   daemon [_thread_blocked, id=10788, stack(0x00000064d2600000,0x00000064d2700000) (1024K)]
  0x000001cffa0845a0 JavaThread "C2 CompilerThread0"         daemon [_thread_in_native, id=21744, stack(0x00000064d2700000,0x00000064d2800000) (1024K)]
  0x000001cffa0890b0 JavaThread "C1 CompilerThread0"         daemon [_thread_in_native, id=5672, stack(0x00000064d2800000,0x00000064d2900000) (1024K)]
  0x000001cffa19ae40 JavaThread "C1 CompilerThread1"         daemon [_thread_in_native, id=1900, stack(0x00000064d2900000,0x00000064d2a00000) (1024K)]
  0x000001cffa222f10 JavaThread "Notification Thread"        daemon [_thread_blocked, id=5464, stack(0x00000064d2a00000,0x00000064d2b00000) (1024K)]
  0x000001cffa225f90 JavaThread "Common-Cleaner"             daemon [_thread_blocked, id=21268, stack(0x00000064d2b00000,0x00000064d2c00000) (1024K)]
  0x000001cffa52ae80 JavaThread "C1 CompilerThread2"         daemon [_thread_in_native, id=24476, stack(0x00000064d2e00000,0x00000064d2f00000) (1024K)]
  0x000001cffa7d7060 JavaThread "C1 CompilerThread3"         daemon [_thread_in_native, id=10860, stack(0x00000064d2c00000,0x00000064d2d00000) (1024K)]
=>0x000001cffbdf0470 JavaThread "C2 CompilerThread1"         daemon [_thread_in_native, id=22908, stack(0x00000064d3c00000,0x00000064d3d00000) (1024K)]
Total: 15

Other Threads:
  0x000001cff5c83e90 VMThread "VM Thread"                           [id=25964, stack(0x00000064d2000000,0x00000064d2100000) (1024K)]
  0x000001cff5c1d740 WatcherThread "VM Periodic Task Thread"        [id=4312, stack(0x00000064d1f00000,0x00000064d2000000) (1024K)]
  0x000001cfde5fe1a0 WorkerThread "GC Thread#0"                     [id=17308, stack(0x00000064d1a00000,0x00000064d1b00000) (1024K)]
  0x000001cffa94e850 WorkerThread "GC Thread#1"                     [id=23920, stack(0x00000064d2d00000,0x00000064d2e00000) (1024K)]
  0x000001cffa9998e0 WorkerThread "GC Thread#2"                     [id=25888, stack(0x00000064d2f00000,0x00000064d3000000) (1024K)]
  0x000001cffa999c80 WorkerThread "GC Thread#3"                     [id=8436, stack(0x00000064d3000000,0x00000064d3100000) (1024K)]
  0x000001cffa99a020 WorkerThread "GC Thread#4"                     [id=17200, stack(0x00000064d3100000,0x00000064d3200000) (1024K)]
  0x000001cffa99e3d0 WorkerThread "GC Thread#5"                     [id=16924, stack(0x00000064d3200000,0x00000064d3300000) (1024K)]
  0x000001cffad95390 WorkerThread "GC Thread#6"                     [id=14460, stack(0x00000064d3300000,0x00000064d3400000) (1024K)]
  0x000001cffad94170 WorkerThread "GC Thread#7"                     [id=24260, stack(0x00000064d3400000,0x00000064d3500000) (1024K)]
  0x000001cffad948b0 WorkerThread "GC Thread#8"                     [id=6956, stack(0x00000064d3500000,0x00000064d3600000) (1024K)]
  0x000001cffafab530 WorkerThread "GC Thread#9"                     [id=7384, stack(0x00000064d3a00000,0x00000064d3b00000) (1024K)]
  0x000001cffafac3b0 WorkerThread "GC Thread#10"                    [id=4400, stack(0x00000064d3800000,0x00000064d3900000) (1024K)]
  0x000001cffafae0b0 WorkerThread "GC Thread#11"                    [id=4140, stack(0x00000064d3900000,0x00000064d3a00000) (1024K)]
  0x000001cffc4a7610 WorkerThread "GC Thread#12"                    [id=13828, stack(0x00000064d3b00000,0x00000064d3c00000) (1024K)]
  0x000001cfde60c170 ConcurrentGCThread "G1 Main Marker"            [id=12700, stack(0x00000064d1b00000,0x00000064d1c00000) (1024K)]
  0x000001cfde60d390 WorkerThread "G1 Conc#0"                       [id=17932, stack(0x00000064d1c00000,0x00000064d1d00000) (1024K)]
  0x000001cffad93a30 WorkerThread "G1 Conc#1"                       [id=11832, stack(0x00000064d3600000,0x00000064d3700000) (1024K)]
  0x000001cffad94510 WorkerThread "G1 Conc#2"                       [id=7436, stack(0x00000064d3700000,0x00000064d3800000) (1024K)]
  0x000001cff5aec530 ConcurrentGCThread "G1 Refine#0"               [id=2944, stack(0x00000064d1d00000,0x00000064d1e00000) (1024K)]
  0x000001cff5aedd60 ConcurrentGCThread "G1 Service"                [id=14872, stack(0x00000064d1e00000,0x00000064d1f00000) (1024K)]
Total: 21

Threads with active compile tasks:
C2 CompilerThread0     7594 6071   !   4       org.jetbrains.kotlin.metadata.ProtoBuf$Type::<init> (875 bytes)
C1 CompilerThread2     7594 6189       3       org.jetbrains.kotlin.fir.types.TypeUtilsKt::captureFromExpressionInternal (590 bytes)
C1 CompilerThread3     7594 6196       3       org.jetbrains.kotlin.fir.UtilsKt::copyWithNewSource (768 bytes)
C2 CompilerThread1     7594 5772       4       org.jetbrains.kotlin.cli.jvm.index.JvmDependenciesIndexImpl::search (374 bytes)
Total: 4

VM state: not at safepoint (normal execution)

VM Mutex/Monitor currently owned by a thread: None

Heap address: 0x00000000a2800000, size: 1496 MB, Compressed Oops mode: 32-bit

CDS archive(s) not mapped
Compressed class space mapped at: 0x0000000100000000-0x0000000140000000, reserved size: 1073741824
Narrow klass base: 0x0000000000000000, Narrow klass shift: 3, Narrow klass range: 0x140000000

GC Precious Log:
 CardTable entry size: 512
 Card Set container configuration: InlinePtr #cards 5 size 8 Array Of Cards #cards 12 size 40 Howl #buckets 4 coarsen threshold 1843 Howl Bitmap #cards 512 size 80 coarsen threshold 460 Card regions per heap region 1 cards per card region 2048
 CPUs: 16 total, 16 available
 Memory: 5978M
 Large Page Support: Disabled
 NUMA Support: Disabled
 Compressed Oops: Enabled (32-bit)
 Heap Region Size: 1M
 Heap Min Capacity: 8M
 Heap Initial Capacity: 94M
 Heap Max Capacity: 1496M
 Pre-touch: Disabled
 Parallel Workers: 13
 Concurrent Workers: 3
 Concurrent Refinement Workers: 13
 Periodic GC: Disabled

Heap:
 garbage-first heap   total 211968K, used 88265K [0x00000000a2800000, 0x0000000100000000)
  region size 1024K, 33 young (33792K), 3 survivors (3072K)
 Metaspace       used 56428K, committed 56768K, reserved 1114112K
  class space    used 6425K, committed 6592K, reserved 1048576K

Heap Regions: E=young(eden), S=young(survivor), O=old, HS=humongous(starts), HC=humongous(continues), CS=collection set, F=free, TAMS=top-at-mark-start, PB=parsable bottom
|   0|0x00000000a2800000, 0x00000000a2900000, 0x00000000a2900000|100%|HS|  |TAMS 0x00000000a2800000| PB 0x00000000a2800000| Complete 
|   1|0x00000000a2900000, 0x00000000a2a00000, 0x00000000a2a00000|100%|HC|  |TAMS 0x00000000a2900000| PB 0x00000000a2900000| Complete 
|   2|0x00000000a2a00000, 0x00000000a2b00000, 0x00000000a2b00000|100%|HC|  |TAMS 0x00000000a2a00000| PB 0x00000000a2a00000| Complete 
|   3|0x00000000a2b00000, 0x00000000a2c00000, 0x00000000a2c00000|100%| O|  |TAMS 0x00000000a2b00000| PB 0x00000000a2b00000| Untracked 
|   4|0x00000000a2c00000, 0x00000000a2d00000, 0x00000000a2d00000|100%| O|  |TAMS 0x00000000a2c00000| PB 0x00000000a2c00000| Untracked 
|   5|0x00000000a2d00000, 0x00000000a2e00000, 0x00000000a2e00000|100%|HS|  |TAMS 0x00000000a2d00000| PB 0x00000000a2d00000| Complete 
|   6|0x00000000a2e00000, 0x00000000a2f00000, 0x00000000a2f00000|100%| O|  |TAMS 0x00000000a2e00000| PB 0x00000000a2e00000| Untracked 
|   7|0x00000000a2f00000, 0x00000000a3000000, 0x00000000a3000000|100%| O|  |TAMS 0x00000000a2f00000| PB 0x00000000a2f00000| Untracked 
|   8|0x00000000a3000000, 0x00000000a3100000, 0x00000000a3100000|100%| O|  |TAMS 0x00000000a3000000| PB 0x00000000a3000000| Untracked 
|   9|0x00000000a3100000, 0x00000000a3200000, 0x00000000a3200000|100%| O|  |TAMS 0x00000000a3100000| PB 0x00000000a3100000| Untracked 
|  10|0x00000000a3200000, 0x00000000a3300000, 0x00000000a3300000|100%| O|  |TAMS 0x00000000a3200000| PB 0x00000000a3200000| Untracked 
|  11|0x00000000a3300000, 0x00000000a3400000, 0x00000000a3400000|100%| O|  |TAMS 0x00000000a3300000| PB 0x00000000a3300000| Untracked 
|  12|0x00000000a3400000, 0x00000000a3500000, 0x00000000a3500000|100%| O|  |TAMS 0x00000000a3400000| PB 0x00000000a3400000| Untracked 
|  13|0x00000000a3500000, 0x00000000a3600000, 0x00000000a3600000|100%| O|  |TAMS 0x00000000a3500000| PB 0x00000000a3500000| Untracked 
|  14|0x00000000a3600000, 0x00000000a3700000, 0x00000000a3700000|100%|HS|  |TAMS 0x00000000a3600000| PB 0x00000000a3600000| Complete 
|  15|0x00000000a3700000, 0x00000000a3800000, 0x00000000a3800000|100%| O|  |TAMS 0x00000000a3700000| PB 0x00000000a3700000| Untracked 
|  16|0x00000000a3800000, 0x00000000a3900000, 0x00000000a3900000|100%| O|  |TAMS 0x00000000a3800000| PB 0x00000000a3800000| Untracked 
|  17|0x00000000a3900000, 0x00000000a3a00000, 0x00000000a3a00000|100%| O|  |TAMS 0x00000000a3900000| PB 0x00000000a3900000| Untracked 
|  18|0x00000000a3a00000, 0x00000000a3b00000, 0x00000000a3b00000|100%| O|  |TAMS 0x00000000a3a00000| PB 0x00000000a3a00000| Untracked 
|  19|0x00000000a3b00000, 0x00000000a3c00000, 0x00000000a3c00000|100%| O|  |TAMS 0x00000000a3b00000| PB 0x00000000a3b00000| Untracked 
|  20|0x00000000a3c00000, 0x00000000a3d00000, 0x00000000a3d00000|100%| O|  |TAMS 0x00000000a3c00000| PB 0x00000000a3c00000| Untracked 
|  21|0x00000000a3d00000, 0x00000000a3e00000, 0x00000000a3e00000|100%| O|  |TAMS 0x00000000a3d00000| PB 0x00000000a3d00000| Untracked 
|  22|0x00000000a3e00000, 0x00000000a3f00000, 0x00000000a3f00000|100%| O|  |TAMS 0x00000000a3e00000| PB 0x00000000a3e00000| Untracked 
|  23|0x00000000a3f00000, 0x00000000a4000000, 0x00000000a4000000|100%| O|  |TAMS 0x00000000a3f00000| PB 0x00000000a3f00000| Untracked 
|  24|0x00000000a4000000, 0x00000000a4100000, 0x00000000a4100000|100%| O|  |TAMS 0x00000000a4000000| PB 0x00000000a4000000| Untracked 
|  25|0x00000000a4100000, 0x00000000a4200000, 0x00000000a4200000|100%| O|  |TAMS 0x00000000a4100000| PB 0x00000000a4100000| Untracked 
|  26|0x00000000a4200000, 0x00000000a4300000, 0x00000000a4300000|100%| O|  |TAMS 0x00000000a4200000| PB 0x00000000a4200000| Untracked 
|  27|0x00000000a4300000, 0x00000000a4400000, 0x00000000a4400000|100%| O|  |TAMS 0x00000000a4300000| PB 0x00000000a4300000| Untracked 
|  28|0x00000000a4400000, 0x00000000a4500000, 0x00000000a4500000|100%| O|  |TAMS 0x00000000a4400000| PB 0x00000000a4400000| Untracked 
|  29|0x00000000a4500000, 0x00000000a4600000, 0x00000000a4600000|100%| O|  |TAMS 0x00000000a4500000| PB 0x00000000a4500000| Untracked 
|  30|0x00000000a4600000, 0x00000000a4700000, 0x00000000a4700000|100%| O|  |TAMS 0x00000000a4600000| PB 0x00000000a4600000| Untracked 
|  31|0x00000000a4700000, 0x00000000a4800000, 0x00000000a4800000|100%| O|  |TAMS 0x00000000a4700000| PB 0x00000000a4700000| Untracked 
|  32|0x00000000a4800000, 0x00000000a4900000, 0x00000000a4900000|100%| O|  |TAMS 0x00000000a4800000| PB 0x00000000a4800000| Untracked 
|  33|0x00000000a4900000, 0x00000000a4a00000, 0x00000000a4a00000|100%| O|  |TAMS 0x00000000a4900000| PB 0x00000000a4900000| Untracked 
|  34|0x00000000a4a00000, 0x00000000a4b00000, 0x00000000a4b00000|100%| O|  |TAMS 0x00000000a4a00000| PB 0x00000000a4a00000| Untracked 
|  35|0x00000000a4b00000, 0x00000000a4c00000, 0x00000000a4c00000|100%| O|  |TAMS 0x00000000a4b00000| PB 0x00000000a4b00000| Untracked 
|  36|0x00000000a4c00000, 0x00000000a4d00000, 0x00000000a4d00000|100%| O|  |TAMS 0x00000000a4c00000| PB 0x00000000a4c00000| Untracked 
|  37|0x00000000a4d00000, 0x00000000a4e00000, 0x00000000a4e00000|100%| O|  |TAMS 0x00000000a4d00000| PB 0x00000000a4d00000| Untracked 
|  38|0x00000000a4e00000, 0x00000000a4f00000, 0x00000000a4f00000|100%| O|  |TAMS 0x00000000a4e00000| PB 0x00000000a4e00000| Untracked 
|  39|0x00000000a4f00000, 0x00000000a5000000, 0x00000000a5000000|100%| O|  |TAMS 0x00000000a4f00000| PB 0x00000000a4f00000| Untracked 
|  40|0x00000000a5000000, 0x00000000a5000000, 0x00000000a5100000|  0%| F|  |TAMS 0x00000000a5000000| PB 0x00000000a5000000| Untracked 
|  41|0x00000000a5100000, 0x00000000a5200000, 0x00000000a5200000|100%| O|  |TAMS 0x00000000a5100000| PB 0x00000000a5100000| Untracked 
|  42|0x00000000a5200000, 0x00000000a5300000, 0x00000000a5300000|100%| O|  |TAMS 0x00000000a5200000| PB 0x00000000a5200000| Untracked 
|  43|0x00000000a5300000, 0x00000000a5400000, 0x00000000a5400000|100%| O|  |TAMS 0x00000000a5300000| PB 0x00000000a5300000| Untracked 
|  44|0x00000000a5400000, 0x00000000a5500000, 0x00000000a5500000|100%| O|  |TAMS 0x00000000a5400000| PB 0x00000000a5400000| Untracked 
|  45|0x00000000a5500000, 0x00000000a5600000, 0x00000000a5600000|100%| O|  |TAMS 0x00000000a5500000| PB 0x00000000a5500000| Untracked 
|  46|0x00000000a5600000, 0x00000000a5700000, 0x00000000a5700000|100%| O|  |TAMS 0x00000000a5600000| PB 0x00000000a5600000| Untracked 
|  47|0x00000000a5700000, 0x00000000a5800000, 0x00000000a5800000|100%| O|  |TAMS 0x00000000a5700000| PB 0x00000000a5700000| Untracked 
|  48|0x00000000a5800000, 0x00000000a5900000, 0x00000000a5900000|100%| O|  |TAMS 0x00000000a5800000| PB 0x00000000a5800000| Untracked 
|  49|0x00000000a5900000, 0x00000000a5a00000, 0x00000000a5a00000|100%| O|  |TAMS 0x00000000a5900000| PB 0x00000000a5900000| Untracked 
|  50|0x00000000a5a00000, 0x00000000a5a32708, 0x00000000a5b00000| 19%| O|  |TAMS 0x00000000a5a00000| PB 0x00000000a5a00000| Untracked 
|  51|0x00000000a5b00000, 0x00000000a5b00000, 0x00000000a5c00000|  0%| F|  |TAMS 0x00000000a5b00000| PB 0x00000000a5b00000| Untracked 
|  52|0x00000000a5c00000, 0x00000000a5c00000, 0x00000000a5d00000|  0%| F|  |TAMS 0x00000000a5c00000| PB 0x00000000a5c00000| Untracked 
|  53|0x00000000a5d00000, 0x00000000a5d00000, 0x00000000a5e00000|  0%| F|  |TAMS 0x00000000a5d00000| PB 0x00000000a5d00000| Untracked 
|  54|0x00000000a5e00000, 0x00000000a5e00000, 0x00000000a5f00000|  0%| F|  |TAMS 0x00000000a5e00000| PB 0x00000000a5e00000| Untracked 
|  55|0x00000000a5f00000, 0x00000000a5f00000, 0x00000000a6000000|  0%| F|  |TAMS 0x00000000a5f00000| PB 0x00000000a5f00000| Untracked 
|  56|0x00000000a6000000, 0x00000000a6000000, 0x00000000a6100000|  0%| F|  |TAMS 0x00000000a6000000| PB 0x00000000a6000000| Untracked 
|  57|0x00000000a6100000, 0x00000000a6100000, 0x00000000a6200000|  0%| F|  |TAMS 0x00000000a6100000| PB 0x00000000a6100000| Untracked 
|  58|0x00000000a6200000, 0x00000000a6200000, 0x00000000a6300000|  0%| F|  |TAMS 0x00000000a6200000| PB 0x00000000a6200000| Untracked 
|  59|0x00000000a6300000, 0x00000000a6400000, 0x00000000a6400000|100%| S|CS|TAMS 0x00000000a6300000| PB 0x00000000a6300000| Complete 
|  60|0x00000000a6400000, 0x00000000a6500000, 0x00000000a6500000|100%| S|CS|TAMS 0x00000000a6400000| PB 0x00000000a6400000| Complete 
|  61|0x00000000a6500000, 0x00000000a6600000, 0x00000000a6600000|100%| S|CS|TAMS 0x00000000a6500000| PB 0x00000000a6500000| Complete 
|  62|0x00000000a6600000, 0x00000000a6600000, 0x00000000a6700000|  0%| F|  |TAMS 0x00000000a6600000| PB 0x00000000a6600000| Untracked 
|  63|0x00000000a6700000, 0x00000000a6700000, 0x00000000a6800000|  0%| F|  |TAMS 0x00000000a6700000| PB 0x00000000a6700000| Untracked 
|  64|0x00000000a6800000, 0x00000000a6800000, 0x00000000a6900000|  0%| F|  |TAMS 0x00000000a6800000| PB 0x00000000a6800000| Untracked 
|  65|0x00000000a6900000, 0x00000000a6900000, 0x00000000a6a00000|  0%| F|  |TAMS 0x00000000a6900000| PB 0x00000000a6900000| Untracked 
|  66|0x00000000a6a00000, 0x00000000a6a00000, 0x00000000a6b00000|  0%| F|  |TAMS 0x00000000a6a00000| PB 0x00000000a6a00000| Untracked 
|  67|0x00000000a6b00000, 0x00000000a6b00000, 0x00000000a6c00000|  0%| F|  |TAMS 0x00000000a6b00000| PB 0x00000000a6b00000| Untracked 
|  68|0x00000000a6c00000, 0x00000000a6c00000, 0x00000000a6d00000|  0%| F|  |TAMS 0x00000000a6c00000| PB 0x00000000a6c00000| Untracked 
|  69|0x00000000a6d00000, 0x00000000a6d00000, 0x00000000a6e00000|  0%| F|  |TAMS 0x00000000a6d00000| PB 0x00000000a6d00000| Untracked 
|  70|0x00000000a6e00000, 0x00000000a6e00000, 0x00000000a6f00000|  0%| F|  |TAMS 0x00000000a6e00000| PB 0x00000000a6e00000| Untracked 
|  71|0x00000000a6f00000, 0x00000000a6f00000, 0x00000000a7000000|  0%| F|  |TAMS 0x00000000a6f00000| PB 0x00000000a6f00000| Untracked 
|  72|0x00000000a7000000, 0x00000000a7000000, 0x00000000a7100000|  0%| F|  |TAMS 0x00000000a7000000| PB 0x00000000a7000000| Untracked 
|  73|0x00000000a7100000, 0x00000000a7100000, 0x00000000a7200000|  0%| F|  |TAMS 0x00000000a7100000| PB 0x00000000a7100000| Untracked 
|  74|0x00000000a7200000, 0x00000000a7200000, 0x00000000a7300000|  0%| F|  |TAMS 0x00000000a7200000| PB 0x00000000a7200000| Untracked 
|  75|0x00000000a7300000, 0x00000000a7300000, 0x00000000a7400000|  0%| F|  |TAMS 0x00000000a7300000| PB 0x00000000a7300000| Untracked 
|  76|0x00000000a7400000, 0x00000000a7400000, 0x00000000a7500000|  0%| F|  |TAMS 0x00000000a7400000| PB 0x00000000a7400000| Untracked 
|  77|0x00000000a7500000, 0x00000000a7500000, 0x00000000a7600000|  0%| F|  |TAMS 0x00000000a7500000| PB 0x00000000a7500000| Untracked 
|  78|0x00000000a7600000, 0x00000000a7600000, 0x00000000a7700000|  0%| F|  |TAMS 0x00000000a7600000| PB 0x00000000a7600000| Untracked 
|  79|0x00000000a7700000, 0x00000000a7700000, 0x00000000a7800000|  0%| F|  |TAMS 0x00000000a7700000| PB 0x00000000a7700000| Untracked 
|  80|0x00000000a7800000, 0x00000000a7800000, 0x00000000a7900000|  0%| F|  |TAMS 0x00000000a7800000| PB 0x00000000a7800000| Untracked 
|  81|0x00000000a7900000, 0x00000000a7900000, 0x00000000a7a00000|  0%| F|  |TAMS 0x00000000a7900000| PB 0x00000000a7900000| Untracked 
|  82|0x00000000a7a00000, 0x00000000a7a00000, 0x00000000a7b00000|  0%| F|  |TAMS 0x00000000a7a00000| PB 0x00000000a7a00000| Untracked 
|  83|0x00000000a7b00000, 0x00000000a7b00000, 0x00000000a7c00000|  0%| F|  |TAMS 0x00000000a7b00000| PB 0x00000000a7b00000| Untracked 
|  84|0x00000000a7c00000, 0x00000000a7c00000, 0x00000000a7d00000|  0%| F|  |TAMS 0x00000000a7c00000| PB 0x00000000a7c00000| Untracked 
|  85|0x00000000a7d00000, 0x00000000a7d00000, 0x00000000a7e00000|  0%| F|  |TAMS 0x00000000a7d00000| PB 0x00000000a7d00000| Untracked 
|  86|0x00000000a7e00000, 0x00000000a7e00000, 0x00000000a7f00000|  0%| F|  |TAMS 0x00000000a7e00000| PB 0x00000000a7e00000| Untracked 
|  87|0x00000000a7f00000, 0x00000000a7f00000, 0x00000000a8000000|  0%| F|  |TAMS 0x00000000a7f00000| PB 0x00000000a7f00000| Untracked 
|  88|0x00000000a8000000, 0x00000000a8000000, 0x00000000a8100000|  0%| F|  |TAMS 0x00000000a8000000| PB 0x00000000a8000000| Untracked 
|  89|0x00000000a8100000, 0x00000000a8100000, 0x00000000a8200000|  0%| F|  |TAMS 0x00000000a8100000| PB 0x00000000a8100000| Untracked 
|  90|0x00000000a8200000, 0x00000000a8200000, 0x00000000a8300000|  0%| F|  |TAMS 0x00000000a8200000| PB 0x00000000a8200000| Untracked 
|  91|0x00000000a8300000, 0x00000000a8300000, 0x00000000a8400000|  0%| F|  |TAMS 0x00000000a8300000| PB 0x00000000a8300000| Untracked 
|  92|0x00000000a8400000, 0x00000000a8400000, 0x00000000a8500000|  0%| F|  |TAMS 0x00000000a8400000| PB 0x00000000a8400000| Untracked 
|  93|0x00000000a8500000, 0x00000000a8500000, 0x00000000a8600000|  0%| F|  |TAMS 0x00000000a8500000| PB 0x00000000a8500000| Untracked 
|  94|0x00000000a8600000, 0x00000000a8600000, 0x00000000a8700000|  0%| F|  |TAMS 0x00000000a8600000| PB 0x00000000a8600000| Untracked 
|  95|0x00000000a8700000, 0x00000000a8700000, 0x00000000a8800000|  0%| F|  |TAMS 0x00000000a8700000| PB 0x00000000a8700000| Untracked 
|  96|0x00000000a8800000, 0x00000000a8800000, 0x00000000a8900000|  0%| F|  |TAMS 0x00000000a8800000| PB 0x00000000a8800000| Untracked 
|  97|0x00000000a8900000, 0x00000000a8900000, 0x00000000a8a00000|  0%| F|  |TAMS 0x00000000a8900000| PB 0x00000000a8900000| Untracked 
|  98|0x00000000a8a00000, 0x00000000a8a00000, 0x00000000a8b00000|  0%| F|  |TAMS 0x00000000a8a00000| PB 0x00000000a8a00000| Untracked 
|  99|0x00000000a8b00000, 0x00000000a8b00000, 0x00000000a8c00000|  0%| F|  |TAMS 0x00000000a8b00000| PB 0x00000000a8b00000| Untracked 
| 100|0x00000000a8c00000, 0x00000000a8c00000, 0x00000000a8d00000|  0%| F|  |TAMS 0x00000000a8c00000| PB 0x00000000a8c00000| Untracked 
| 101|0x00000000a8d00000, 0x00000000a8d00000, 0x00000000a8e00000|  0%| F|  |TAMS 0x00000000a8d00000| PB 0x00000000a8d00000| Untracked 
| 102|0x00000000a8e00000, 0x00000000a8e00000, 0x00000000a8f00000|  0%| F|  |TAMS 0x00000000a8e00000| PB 0x00000000a8e00000| Untracked 
| 103|0x00000000a8f00000, 0x00000000a8f00000, 0x00000000a9000000|  0%| F|  |TAMS 0x00000000a8f00000| PB 0x00000000a8f00000| Untracked 
| 104|0x00000000a9000000, 0x00000000a9000000, 0x00000000a9100000|  0%| F|  |TAMS 0x00000000a9000000| PB 0x00000000a9000000| Untracked 
| 105|0x00000000a9100000, 0x00000000a9100000, 0x00000000a9200000|  0%| F|  |TAMS 0x00000000a9100000| PB 0x00000000a9100000| Untracked 
| 106|0x00000000a9200000, 0x00000000a9200000, 0x00000000a9300000|  0%| F|  |TAMS 0x00000000a9200000| PB 0x00000000a9200000| Untracked 
| 107|0x00000000a9300000, 0x00000000a9300000, 0x00000000a9400000|  0%| F|  |TAMS 0x00000000a9300000| PB 0x00000000a9300000| Untracked 
| 108|0x00000000a9400000, 0x00000000a9400000, 0x00000000a9500000|  0%| F|  |TAMS 0x00000000a9400000| PB 0x00000000a9400000| Untracked 
| 109|0x00000000a9500000, 0x00000000a9500000, 0x00000000a9600000|  0%| F|  |TAMS 0x00000000a9500000| PB 0x00000000a9500000| Untracked 
| 110|0x00000000a9600000, 0x00000000a9600000, 0x00000000a9700000|  0%| F|  |TAMS 0x00000000a9600000| PB 0x00000000a9600000| Untracked 
| 111|0x00000000a9700000, 0x00000000a9700000, 0x00000000a9800000|  0%| F|  |TAMS 0x00000000a9700000| PB 0x00000000a9700000| Untracked 
| 112|0x00000000a9800000, 0x00000000a9800000, 0x00000000a9900000|  0%| F|  |TAMS 0x00000000a9800000| PB 0x00000000a9800000| Untracked 
| 113|0x00000000a9900000, 0x00000000a9900000, 0x00000000a9a00000|  0%| F|  |TAMS 0x00000000a9900000| PB 0x00000000a9900000| Untracked 
| 114|0x00000000a9a00000, 0x00000000a9a00000, 0x00000000a9b00000|  0%| F|  |TAMS 0x00000000a9a00000| PB 0x00000000a9a00000| Untracked 
| 115|0x00000000a9b00000, 0x00000000a9b00000, 0x00000000a9c00000|  0%| F|  |TAMS 0x00000000a9b00000| PB 0x00000000a9b00000| Untracked 
| 116|0x00000000a9c00000, 0x00000000a9c00000, 0x00000000a9d00000|  0%| F|  |TAMS 0x00000000a9c00000| PB 0x00000000a9c00000| Untracked 
| 117|0x00000000a9d00000, 0x00000000a9d00000, 0x00000000a9e00000|  0%| F|  |TAMS 0x00000000a9d00000| PB 0x00000000a9d00000| Untracked 
| 118|0x00000000a9e00000, 0x00000000a9e00000, 0x00000000a9f00000|  0%| F|  |TAMS 0x00000000a9e00000| PB 0x00000000a9e00000| Untracked 
| 119|0x00000000a9f00000, 0x00000000a9f00000, 0x00000000aa000000|  0%| F|  |TAMS 0x00000000a9f00000| PB 0x00000000a9f00000| Untracked 
| 120|0x00000000aa000000, 0x00000000aa000000, 0x00000000aa100000|  0%| F|  |TAMS 0x00000000aa000000| PB 0x00000000aa000000| Untracked 
| 121|0x00000000aa100000, 0x00000000aa100000, 0x00000000aa200000|  0%| F|  |TAMS 0x00000000aa100000| PB 0x00000000aa100000| Untracked 
| 122|0x00000000aa200000, 0x00000000aa200000, 0x00000000aa300000|  0%| F|  |TAMS 0x00000000aa200000| PB 0x00000000aa200000| Untracked 
| 123|0x00000000aa300000, 0x00000000aa300000, 0x00000000aa400000|  0%| F|  |TAMS 0x00000000aa300000| PB 0x00000000aa300000| Untracked 
| 124|0x00000000aa400000, 0x00000000aa400000, 0x00000000aa500000|  0%| F|  |TAMS 0x00000000aa400000| PB 0x00000000aa400000| Untracked 
| 125|0x00000000aa500000, 0x00000000aa500000, 0x00000000aa600000|  0%| F|  |TAMS 0x00000000aa500000| PB 0x00000000aa500000| Untracked 
| 126|0x00000000aa600000, 0x00000000aa600000, 0x00000000aa700000|  0%| F|  |TAMS 0x00000000aa600000| PB 0x00000000aa600000| Untracked 
| 127|0x00000000aa700000, 0x00000000aa700000, 0x00000000aa800000|  0%| F|  |TAMS 0x00000000aa700000| PB 0x00000000aa700000| Untracked 
| 128|0x00000000aa800000, 0x00000000aa800000, 0x00000000aa900000|  0%| F|  |TAMS 0x00000000aa800000| PB 0x00000000aa800000| Untracked 
| 129|0x00000000aa900000, 0x00000000aa900000, 0x00000000aaa00000|  0%| F|  |TAMS 0x00000000aa900000| PB 0x00000000aa900000| Untracked 
| 130|0x00000000aaa00000, 0x00000000aaa00000, 0x00000000aab00000|  0%| F|  |TAMS 0x00000000aaa00000| PB 0x00000000aaa00000| Untracked 
| 131|0x00000000aab00000, 0x00000000aab00000, 0x00000000aac00000|  0%| F|  |TAMS 0x00000000aab00000| PB 0x00000000aab00000| Untracked 
| 132|0x00000000aac00000, 0x00000000aac00000, 0x00000000aad00000|  0%| F|  |TAMS 0x00000000aac00000| PB 0x00000000aac00000| Untracked 
| 133|0x00000000aad00000, 0x00000000aad00000, 0x00000000aae00000|  0%| F|  |TAMS 0x00000000aad00000| PB 0x00000000aad00000| Untracked 
| 134|0x00000000aae00000, 0x00000000aae00000, 0x00000000aaf00000|  0%| F|  |TAMS 0x00000000aae00000| PB 0x00000000aae00000| Untracked 
| 135|0x00000000aaf00000, 0x00000000aaf00000, 0x00000000ab000000|  0%| F|  |TAMS 0x00000000aaf00000| PB 0x00000000aaf00000| Untracked 
| 136|0x00000000ab000000, 0x00000000ab000000, 0x00000000ab100000|  0%| F|  |TAMS 0x00000000ab000000| PB 0x00000000ab000000| Untracked 
| 137|0x00000000ab100000, 0x00000000ab100000, 0x00000000ab200000|  0%| F|  |TAMS 0x00000000ab100000| PB 0x00000000ab100000| Untracked 
| 138|0x00000000ab200000, 0x00000000ab200000, 0x00000000ab300000|  0%| F|  |TAMS 0x00000000ab200000| PB 0x00000000ab200000| Untracked 
| 139|0x00000000ab300000, 0x00000000ab300000, 0x00000000ab400000|  0%| F|  |TAMS 0x00000000ab300000| PB 0x00000000ab300000| Untracked 
| 140|0x00000000ab400000, 0x00000000ab400000, 0x00000000ab500000|  0%| F|  |TAMS 0x00000000ab400000| PB 0x00000000ab400000| Untracked 
| 141|0x00000000ab500000, 0x00000000ab500000, 0x00000000ab600000|  0%| F|  |TAMS 0x00000000ab500000| PB 0x00000000ab500000| Untracked 
| 142|0x00000000ab600000, 0x00000000ab600000, 0x00000000ab700000|  0%| F|  |TAMS 0x00000000ab600000| PB 0x00000000ab600000| Untracked 
| 143|0x00000000ab700000, 0x00000000ab700000, 0x00000000ab800000|  0%| F|  |TAMS 0x00000000ab700000| PB 0x00000000ab700000| Untracked 
| 144|0x00000000ab800000, 0x00000000ab800000, 0x00000000ab900000|  0%| F|  |TAMS 0x00000000ab800000| PB 0x00000000ab800000| Untracked 
| 145|0x00000000ab900000, 0x00000000ab900000, 0x00000000aba00000|  0%| F|  |TAMS 0x00000000ab900000| PB 0x00000000ab900000| Untracked 
| 146|0x00000000aba00000, 0x00000000aba00000, 0x00000000abb00000|  0%| F|  |TAMS 0x00000000aba00000| PB 0x00000000aba00000| Untracked 
| 147|0x00000000abb00000, 0x00000000abb00000, 0x00000000abc00000|  0%| F|  |TAMS 0x00000000abb00000| PB 0x00000000abb00000| Untracked 
| 148|0x00000000abc00000, 0x00000000abc00000, 0x00000000abd00000|  0%| F|  |TAMS 0x00000000abc00000| PB 0x00000000abc00000| Untracked 
| 149|0x00000000abd00000, 0x00000000abd00000, 0x00000000abe00000|  0%| F|  |TAMS 0x00000000abd00000| PB 0x00000000abd00000| Untracked 
| 150|0x00000000abe00000, 0x00000000abe00000, 0x00000000abf00000|  0%| F|  |TAMS 0x00000000abe00000| PB 0x00000000abe00000| Untracked 
| 151|0x00000000abf00000, 0x00000000abf00000, 0x00000000ac000000|  0%| F|  |TAMS 0x00000000abf00000| PB 0x00000000abf00000| Untracked 
| 152|0x00000000ac000000, 0x00000000ac000000, 0x00000000ac100000|  0%| F|  |TAMS 0x00000000ac000000| PB 0x00000000ac000000| Untracked 
| 153|0x00000000ac100000, 0x00000000ac100000, 0x00000000ac200000|  0%| F|  |TAMS 0x00000000ac100000| PB 0x00000000ac100000| Untracked 
| 154|0x00000000ac200000, 0x00000000ac200000, 0x00000000ac300000|  0%| F|  |TAMS 0x00000000ac200000| PB 0x00000000ac200000| Untracked 
| 155|0x00000000ac300000, 0x00000000ac300000, 0x00000000ac400000|  0%| F|  |TAMS 0x00000000ac300000| PB 0x00000000ac300000| Untracked 
| 156|0x00000000ac400000, 0x00000000ac400000, 0x00000000ac500000|  0%| F|  |TAMS 0x00000000ac400000| PB 0x00000000ac400000| Untracked 
| 157|0x00000000ac500000, 0x00000000ac500000, 0x00000000ac600000|  0%| F|  |TAMS 0x00000000ac500000| PB 0x00000000ac500000| Untracked 
| 158|0x00000000ac600000, 0x00000000ac600000, 0x00000000ac700000|  0%| F|  |TAMS 0x00000000ac600000| PB 0x00000000ac600000| Untracked 
| 159|0x00000000ac700000, 0x00000000ac700000, 0x00000000ac800000|  0%| F|  |TAMS 0x00000000ac700000| PB 0x00000000ac700000| Untracked 
| 160|0x00000000ac800000, 0x00000000ac800000, 0x00000000ac900000|  0%| F|  |TAMS 0x00000000ac800000| PB 0x00000000ac800000| Untracked 
| 161|0x00000000ac900000, 0x00000000ac900000, 0x00000000aca00000|  0%| F|  |TAMS 0x00000000ac900000| PB 0x00000000ac900000| Untracked 
| 162|0x00000000aca00000, 0x00000000aca00000, 0x00000000acb00000|  0%| F|  |TAMS 0x00000000aca00000| PB 0x00000000aca00000| Untracked 
| 163|0x00000000acb00000, 0x00000000acb00000, 0x00000000acc00000|  0%| F|  |TAMS 0x00000000acb00000| PB 0x00000000acb00000| Untracked 
| 164|0x00000000acc00000, 0x00000000acc00000, 0x00000000acd00000|  0%| F|  |TAMS 0x00000000acc00000| PB 0x00000000acc00000| Untracked 
| 165|0x00000000acd00000, 0x00000000acd00000, 0x00000000ace00000|  0%| F|  |TAMS 0x00000000acd00000| PB 0x00000000acd00000| Untracked 
| 166|0x00000000ace00000, 0x00000000ace00000, 0x00000000acf00000|  0%| F|  |TAMS 0x00000000ace00000| PB 0x00000000ace00000| Untracked 
| 167|0x00000000acf00000, 0x00000000acf00000, 0x00000000ad000000|  0%| F|  |TAMS 0x00000000acf00000| PB 0x00000000acf00000| Untracked 
| 168|0x00000000ad000000, 0x00000000ad000000, 0x00000000ad100000|  0%| F|  |TAMS 0x00000000ad000000| PB 0x00000000ad000000| Untracked 
| 169|0x00000000ad100000, 0x00000000ad100000, 0x00000000ad200000|  0%| F|  |TAMS 0x00000000ad100000| PB 0x00000000ad100000| Untracked 
| 170|0x00000000ad200000, 0x00000000ad200000, 0x00000000ad300000|  0%| F|  |TAMS 0x00000000ad200000| PB 0x00000000ad200000| Untracked 
| 171|0x00000000ad300000, 0x00000000ad300000, 0x00000000ad400000|  0%| F|  |TAMS 0x00000000ad300000| PB 0x00000000ad300000| Untracked 
| 172|0x00000000ad400000, 0x00000000ad4c1788, 0x00000000ad500000| 75%| E|  |TAMS 0x00000000ad400000| PB 0x00000000ad400000| Complete 
| 173|0x00000000ad500000, 0x00000000ad600000, 0x00000000ad600000|100%| E|CS|TAMS 0x00000000ad500000| PB 0x00000000ad500000| Complete 
| 174|0x00000000ad600000, 0x00000000ad700000, 0x00000000ad700000|100%| E|CS|TAMS 0x00000000ad600000| PB 0x00000000ad600000| Complete 
| 175|0x00000000ad700000, 0x00000000ad800000, 0x00000000ad800000|100%| E|CS|TAMS 0x00000000ad700000| PB 0x00000000ad700000| Complete 
| 176|0x00000000ad800000, 0x00000000ad900000, 0x00000000ad900000|100%| E|CS|TAMS 0x00000000ad800000| PB 0x00000000ad800000| Complete 
| 177|0x00000000ad900000, 0x00000000ada00000, 0x00000000ada00000|100%| E|CS|TAMS 0x00000000ad900000| PB 0x00000000ad900000| Complete 
| 178|0x00000000ada00000, 0x00000000adb00000, 0x00000000adb00000|100%| E|CS|TAMS 0x00000000ada00000| PB 0x00000000ada00000| Complete 
| 179|0x00000000adb00000, 0x00000000adc00000, 0x00000000adc00000|100%| E|CS|TAMS 0x00000000adb00000| PB 0x00000000adb00000| Complete 
| 180|0x00000000adc00000, 0x00000000add00000, 0x00000000add00000|100%| E|CS|TAMS 0x00000000adc00000| PB 0x00000000adc00000| Complete 
| 181|0x00000000add00000, 0x00000000ade00000, 0x00000000ade00000|100%| E|CS|TAMS 0x00000000add00000| PB 0x00000000add00000| Complete 
| 182|0x00000000ade00000, 0x00000000adf00000, 0x00000000adf00000|100%| E|CS|TAMS 0x00000000ade00000| PB 0x00000000ade00000| Complete 
| 183|0x00000000adf00000, 0x00000000ae000000, 0x00000000ae000000|100%| E|CS|TAMS 0x00000000adf00000| PB 0x00000000adf00000| Complete 
| 184|0x00000000ae000000, 0x00000000ae100000, 0x00000000ae100000|100%| E|CS|TAMS 0x00000000ae000000| PB 0x00000000ae000000| Complete 
| 185|0x00000000ae100000, 0x00000000ae200000, 0x00000000ae200000|100%| E|CS|TAMS 0x00000000ae100000| PB 0x00000000ae100000| Complete 
| 186|0x00000000ae200000, 0x00000000ae300000, 0x00000000ae300000|100%| E|CS|TAMS 0x00000000ae200000| PB 0x00000000ae200000| Complete 
| 187|0x00000000ae300000, 0x00000000ae400000, 0x00000000ae400000|100%| E|CS|TAMS 0x00000000ae300000| PB 0x00000000ae300000| Complete 
| 188|0x00000000ae400000, 0x00000000ae500000, 0x00000000ae500000|100%| E|CS|TAMS 0x00000000ae400000| PB 0x00000000ae400000| Complete 
| 189|0x00000000ae500000, 0x00000000ae600000, 0x00000000ae600000|100%| E|CS|TAMS 0x00000000ae500000| PB 0x00000000ae500000| Complete 
| 190|0x00000000ae600000, 0x00000000ae700000, 0x00000000ae700000|100%| E|CS|TAMS 0x00000000ae600000| PB 0x00000000ae600000| Complete 
| 191|0x00000000ae700000, 0x00000000ae800000, 0x00000000ae800000|100%| E|CS|TAMS 0x00000000ae700000| PB 0x00000000ae700000| Complete 
| 192|0x00000000ae800000, 0x00000000ae900000, 0x00000000ae900000|100%| E|CS|TAMS 0x00000000ae800000| PB 0x00000000ae800000| Complete 
| 193|0x00000000ae900000, 0x00000000aea00000, 0x00000000aea00000|100%| E|CS|TAMS 0x00000000ae900000| PB 0x00000000ae900000| Complete 
| 194|0x00000000aea00000, 0x00000000aeb00000, 0x00000000aeb00000|100%| E|CS|TAMS 0x00000000aea00000| PB 0x00000000aea00000| Complete 
| 195|0x00000000aeb00000, 0x00000000aec00000, 0x00000000aec00000|100%| E|CS|TAMS 0x00000000aeb00000| PB 0x00000000aeb00000| Complete 
| 196|0x00000000aec00000, 0x00000000aed00000, 0x00000000aed00000|100%| E|CS|TAMS 0x00000000aec00000| PB 0x00000000aec00000| Complete 
| 197|0x00000000aed00000, 0x00000000aee00000, 0x00000000aee00000|100%| E|CS|TAMS 0x00000000aed00000| PB 0x00000000aed00000| Complete 
| 198|0x00000000aee00000, 0x00000000aef00000, 0x00000000aef00000|100%| E|CS|TAMS 0x00000000aee00000| PB 0x00000000aee00000| Complete 
| 199|0x00000000aef00000, 0x00000000af000000, 0x00000000af000000|100%| E|CS|TAMS 0x00000000aef00000| PB 0x00000000aef00000| Complete 
| 200|0x00000000af000000, 0x00000000af100000, 0x00000000af100000|100%| E|CS|TAMS 0x00000000af000000| PB 0x00000000af000000| Complete 
| 201|0x00000000af100000, 0x00000000af200000, 0x00000000af200000|100%| E|CS|TAMS 0x00000000af100000| PB 0x00000000af100000| Complete 
|1491|0x00000000ffb00000, 0x00000000ffc00000, 0x00000000ffc00000|100%| O|  |TAMS 0x00000000ffb00000| PB 0x00000000ffb00000| Untracked 
|1492|0x00000000ffc00000, 0x00000000ffd00000, 0x00000000ffd00000|100%| O|  |TAMS 0x00000000ffc00000| PB 0x00000000ffc00000| Untracked 
|1493|0x00000000ffd00000, 0x00000000ffe00000, 0x00000000ffe00000|100%| O|  |TAMS 0x00000000ffd00000| PB 0x00000000ffd00000| Untracked 
|1494|0x00000000ffe00000, 0x00000000fff00000, 0x00000000fff00000|100%| O|  |TAMS 0x00000000ffe00000| PB 0x00000000ffe00000| Untracked 
|1495|0x00000000fff00000, 0x0000000100000000, 0x0000000100000000|100%| O|  |TAMS 0x00000000fff00000| PB 0x00000000fff00000| Untracked 

Card table byte_map: [0x000001cff1280000,0x000001cff1570000] _byte_map_base: 0x000001cff0d6c000

Marking Bits: (CMBitMap*) 0x000001cfde5fe7b0
 Bits: [0x000001cff1570000, 0x000001cff2cd0000)

Polling page: 0x000001cfddd40000

Metaspace:

Usage:
  Non-class:     48.85 MB used.
      Class:      6.27 MB used.
       Both:     55.12 MB used.

Virtual space:
  Non-class space:       64.00 MB reserved,      49.00 MB ( 77%) committed,  1 nodes.
      Class space:        1.00 GB reserved,       6.44 MB ( <1%) committed,  1 nodes.
             Both:        1.06 GB reserved,      55.44 MB (  5%) committed. 

Chunk freelists:
   Non-Class:  14.59 MB
       Class:  9.42 MB
        Both:  24.02 MB

MaxMetaspaceSize: unlimited
CompressedClassSpaceSize: 1.00 GB
Initial GC threshold: 21.00 MB
Current GC threshold: 82.00 MB
CDS: off
 - commit_granule_bytes: 65536.
 - commit_granule_words: 8192.
 - virtual_space_node_default_size: 8388608.
 - enlarge_chunks_in_place: 1.
 - use_allocation_guard: 0.


Internal statistics:

num_allocs_failed_limit: 3.
num_arena_births: 304.
num_arena_deaths: 0.
num_vsnodes_births: 2.
num_vsnodes_deaths: 0.
num_space_committed: 886.
num_space_uncommitted: 0.
num_chunks_returned_to_freelist: 3.
num_chunks_taken_from_freelist: 2035.
num_chunk_merges: 3.
num_chunk_splits: 1612.
num_chunks_enlarged: 1447.
num_inconsistent_stats: 0.

CodeHeap 'non-profiled nmethods': size=119168Kb used=2831Kb max_used=2831Kb free=116336Kb
 bounds [0x000001cfe92a0000, 0x000001cfe9570000, 0x000001cff0700000]
CodeHeap 'profiled nmethods': size=119104Kb used=15406Kb max_used=15406Kb free=103698Kb
 bounds [0x000001cfe1700000, 0x000001cfe2610000, 0x000001cfe8b50000]
CodeHeap 'non-nmethods': size=7488Kb used=3302Kb max_used=3396Kb free=4185Kb
 bounds [0x000001cfe8b50000, 0x000001cfe8eb0000, 0x000001cfe92a0000]
 total_blobs=6323 nmethods=5648 adapters=575
 compilation: enabled
              stopped_count=0, restarted_count=0
 full_count=0

Compilation events (20 events):
Event: 7.548 Thread 0x000001cffa0890b0 6152       3       org.jetbrains.kotlin.fir.declarations.impl.FirRegularClassImpl::replaceDeprecationsProvider (13 bytes)
Event: 7.548 Thread 0x000001cffa7d7060 nmethod 6151 0x000001cfe2569590 code [0x000001cfe2569820, 0x000001cfe256a1d8]
Event: 7.548 Thread 0x000001cffa7d7060 6153       3       org.jetbrains.kotlin.fir.declarations.impl.FirRegularClassImpl::setDeprecationsProvider (12 bytes)
Event: 7.548 Thread 0x000001cffa0890b0 nmethod 6152 0x000001cfe256a590 code [0x000001cfe256a820, 0x000001cfe256b2d0]
Event: 7.548 Thread 0x000001cffa19ae40 nmethod 6150 0x000001cfe256b690 code [0x000001cfe256baa0, 0x000001cfe256d540]
Event: 7.548 Thread 0x000001cffa19ae40 6155       3       org.jetbrains.kotlin.fir.declarations.builder.FirRegularClassBuilder::getName (17 bytes)
Event: 7.548 Thread 0x000001cffa0890b0 6154       3       org.jetbrains.kotlin.fir.declarations.builder.FirRegularClassBuilder::getScopeProvider (17 bytes)
Event: 7.549 Thread 0x000001cffa7d7060 nmethod 6153 0x000001cfe256df10 code [0x000001cfe256e120, 0x000001cfe256e710]
Event: 7.549 Thread 0x000001cffa7d7060 6156       3       org.jetbrains.kotlin.fir.declarations.FirRegularClass::<init> (6 bytes)
Event: 7.549 Thread 0x000001cffa19ae40 nmethod 6155 0x000001cfe256e990 code [0x000001cfe256ec20, 0x000001cfe256f5d8]
Event: 7.549 Thread 0x000001cffa7d7060 nmethod 6156 0x000001cfe256f990 code [0x000001cfe256fb80, 0x000001cfe2570068]
Event: 7.549 Thread 0x000001cffa7d7060 6157       3       org.jetbrains.kotlin.fir.declarations.impl.FirRegularClassImpl::replaceAnnotations (16 bytes)
Event: 7.549 Thread 0x000001cffa0890b0 nmethod 6154 0x000001cfe2570290 code [0x000001cfe2570520, 0x000001cfe2570ed8]
Event: 7.550 Thread 0x000001cffa19ae40 6158       3       org.jetbrains.kotlin.fir.resolve.calls.CandidateFactoryKt::candidate (30 bytes)
Event: 7.550 Thread 0x000001cffa7d7060 nmethod 6157 0x000001cfe2571290 code [0x000001cfe25714c0, 0x000001cfe2571b18]
Event: 7.551 Thread 0x000001cffa19ae40 nmethod 6158 0x000001cfe2571d90 code [0x000001cfe2571fe0, 0x000001cfe2572860]
Event: 7.551 Thread 0x000001cffa0890b0 6159       3       org.jetbrains.kotlin.fir.resolve.transformers.body.resolve.BodyResolveContext::getImplicitReceiverStack (11 bytes)
Event: 7.551 Thread 0x000001cffa0890b0 nmethod 6159 0x000001cfe2572b10 code [0x000001cfe2572cc0, 0x000001cfe2572e18]
Event: 7.552 Thread 0x000001cffa0890b0 6160       3       org.jetbrains.kotlin.fir.resolve.dfa.Identifier::<init> (26 bytes)
Event: 7.553 Thread 0x000001cffa0890b0 nmethod 6160 0x000001cfe2572f10 code [0x000001cfe2573140, 0x000001cfe2573868]

GC Heap History (20 events):
Event: 4.194 GC heap before
{Heap before GC invocations=9 (full 0):
 garbage-first heap   total 54272K, used 43992K [0x00000000a2800000, 0x0000000100000000)
  region size 1024K, 21 young (21504K), 3 survivors (3072K)
 Metaspace       used 41216K, committed 41472K, reserved 1114112K
  class space    used 4777K, committed 4928K, reserved 1048576K
}
Event: 4.201 GC heap after
{Heap after GC invocations=10 (full 0):
 garbage-first heap   total 54272K, used 26051K [0x00000000a2800000, 0x0000000100000000)
  region size 1024K, 3 young (3072K), 3 survivors (3072K)
 Metaspace       used 41216K, committed 41472K, reserved 1114112K
  class space    used 4777K, committed 4928K, reserved 1048576K
}
Event: 4.719 GC heap before
{Heap before GC invocations=10 (full 0):
 garbage-first heap   total 54272K, used 43459K [0x00000000a2800000, 0x0000000100000000)
  region size 1024K, 21 young (21504K), 3 survivors (3072K)
 Metaspace       used 44984K, committed 45248K, reserved 1114112K
  class space    used 5177K, committed 5312K, reserved 1048576K
}
Event: 4.727 GC heap after
{Heap after GC invocations=11 (full 0):
 garbage-first heap   total 54272K, used 27816K [0x00000000a2800000, 0x0000000100000000)
  region size 1024K, 3 young (3072K), 3 survivors (3072K)
 Metaspace       used 44984K, committed 45248K, reserved 1114112K
  class space    used 5177K, committed 5312K, reserved 1048576K
}
Event: 5.063 GC heap before
{Heap before GC invocations=12 (full 0):
 garbage-first heap   total 54272K, used 46248K [0x00000000a2800000, 0x0000000100000000)
  region size 1024K, 21 young (21504K), 3 survivors (3072K)
 Metaspace       used 46203K, committed 46528K, reserved 1114112K
  class space    used 5286K, committed 5440K, reserved 1048576K
}
Event: 5.077 GC heap after
{Heap after GC invocations=13 (full 0):
 garbage-first heap   total 54272K, used 32768K [0x00000000a2800000, 0x0000000100000000)
  region size 1024K, 3 young (3072K), 3 survivors (3072K)
 Metaspace       used 46203K, committed 46528K, reserved 1114112K
  class space    used 5286K, committed 5440K, reserved 1048576K
}
Event: 5.229 GC heap before
{Heap before GC invocations=13 (full 0):
 garbage-first heap   total 54272K, used 46080K [0x00000000a2800000, 0x0000000100000000)
  region size 1024K, 16 young (16384K), 3 survivors (3072K)
 Metaspace       used 46528K, committed 46784K, reserved 1114112K
  class space    used 5305K, committed 5440K, reserved 1048576K
}
Event: 5.243 GC heap after
{Heap after GC invocations=14 (full 0):
 garbage-first heap   total 65536K, used 36202K [0x00000000a2800000, 0x0000000100000000)
  region size 1024K, 2 young (2048K), 2 survivors (2048K)
 Metaspace       used 46528K, committed 46784K, reserved 1114112K
  class space    used 5305K, committed 5440K, reserved 1048576K
}
Event: 5.345 GC heap before
{Heap before GC invocations=14 (full 0):
 garbage-first heap   total 65536K, used 55658K [0x00000000a2800000, 0x0000000100000000)
  region size 1024K, 20 young (20480K), 2 survivors (2048K)
 Metaspace       used 46641K, committed 46912K, reserved 1114112K
  class space    used 5313K, committed 5440K, reserved 1048576K
}
Event: 5.355 GC heap after
{Heap after GC invocations=15 (full 0):
 garbage-first heap   total 65536K, used 44008K [0x00000000a2800000, 0x0000000100000000)
  region size 1024K, 3 young (3072K), 3 survivors (3072K)
 Metaspace       used 46641K, committed 46912K, reserved 1114112K
  class space    used 5313K, committed 5440K, reserved 1048576K
}
Event: 5.415 GC heap before
{Heap before GC invocations=16 (full 0):
 garbage-first heap   total 73728K, used 56296K [0x00000000a2800000, 0x0000000100000000)
  region size 1024K, 15 young (15360K), 3 survivors (3072K)
 Metaspace       used 46653K, committed 46912K, reserved 1114112K
  class space    used 5313K, committed 5440K, reserved 1048576K
}
Event: 5.423 GC heap after
{Heap after GC invocations=17 (full 0):
 garbage-first heap   total 73728K, used 48640K [0x00000000a2800000, 0x0000000100000000)
  region size 1024K, 2 young (2048K), 2 survivors (2048K)
 Metaspace       used 46653K, committed 46912K, reserved 1114112K
  class space    used 5313K, committed 5440K, reserved 1048576K
}
Event: 5.696 GC heap before
{Heap before GC invocations=17 (full 0):
 garbage-first heap   total 73728K, used 61952K [0x00000000a2800000, 0x0000000100000000)
  region size 1024K, 15 young (15360K), 2 survivors (2048K)
 Metaspace       used 48654K, committed 48960K, reserved 1114112K
  class space    used 5535K, committed 5696K, reserved 1048576K
}
Event: 5.706 GC heap after
{Heap after GC invocations=18 (full 0):
 garbage-first heap   total 73728K, used 51137K [0x00000000a2800000, 0x0000000100000000)
  region size 1024K, 2 young (2048K), 2 survivors (2048K)
 Metaspace       used 48654K, committed 48960K, reserved 1114112K
  class space    used 5535K, committed 5696K, reserved 1048576K
}
Event: 6.023 GC heap before
{Heap before GC invocations=18 (full 0):
 garbage-first heap   total 73728K, used 63425K [0x00000000a2800000, 0x0000000100000000)
  region size 1024K, 14 young (14336K), 2 survivors (2048K)
 Metaspace       used 50049K, committed 50368K, reserved 1114112K
  class space    used 5695K, committed 5824K, reserved 1048576K
}
Event: 6.031 GC heap after
{Heap after GC invocations=19 (full 0):
 garbage-first heap   total 73728K, used 53319K [0x00000000a2800000, 0x0000000100000000)
  region size 1024K, 2 young (2048K), 2 survivors (2048K)
 Metaspace       used 50049K, committed 50368K, reserved 1114112K
  class space    used 5695K, committed 5824K, reserved 1048576K
}
Event: 6.218 GC heap before
{Heap before GC invocations=20 (full 0):
 garbage-first heap   total 91136K, used 63559K [0x00000000a2800000, 0x0000000100000000)
  region size 1024K, 13 young (13312K), 2 survivors (2048K)
 Metaspace       used 50483K, committed 50816K, reserved 1114112K
  class space    used 5734K, committed 5888K, reserved 1048576K
}
Event: 6.226 GC heap after
{Heap after GC invocations=21 (full 0):
 garbage-first heap   total 91136K, used 55526K [0x00000000a2800000, 0x0000000100000000)
  region size 1024K, 2 young (2048K), 2 survivors (2048K)
 Metaspace       used 50483K, committed 50816K, reserved 1114112K
  class space    used 5734K, committed 5888K, reserved 1048576K
}
Event: 6.759 GC heap before
{Heap before GC invocations=21 (full 0):
 garbage-first heap   total 91136K, used 74982K [0x00000000a2800000, 0x0000000100000000)
  region size 1024K, 22 young (22528K), 2 survivors (2048K)
 Metaspace       used 54206K, committed 54592K, reserved 1114112K
  class space    used 6228K, committed 6400K, reserved 1048576K
}
Event: 6.772 GC heap after
{Heap after GC invocations=22 (full 0):
 garbage-first heap   total 211968K, used 58569K [0x00000000a2800000, 0x0000000100000000)
  region size 1024K, 3 young (3072K), 3 survivors (3072K)
 Metaspace       used 54206K, committed 54592K, reserved 1114112K
  class space    used 6228K, committed 6400K, reserved 1048576K
}

Dll operation events (3 events):
Event: 0.012 Loaded shared library C:\Program Files\Android\Android Studio\jbr\bin\java.dll
Event: 0.021 Loaded shared library C:\Program Files\Android\Android Studio\jbr\bin\zip.dll
Event: 1.691 Loaded shared library C:\Program Files\Android\Android Studio\jbr\bin\verify.dll

Deoptimization events (20 events):
Event: 6.797 Thread 0x000001cfde5b93b0 Uncommon trap: trap_request=0xffffffc6 fr.pc=0x000001cfe94d7418 relative=0x0000000000000ed8
Event: 6.797 Thread 0x000001cfde5b93b0 Uncommon trap: reason=bimorphic_or_optimized_type_check action=maybe_recompile pc=0x000001cfe94d7418 method=org.jetbrains.org.objectweb.asm.ClassReader.readElementValue(Lorg/jetbrains/org/objectweb/asm/AnnotationVisitor;ILjava/lang/String;[C)I @ 1022 c2
Event: 6.797 Thread 0x000001cfde5b93b0 DEOPT PACKING pc=0x000001cfe94d7418 sp=0x00000064d19f6170
Event: 6.797 Thread 0x000001cfde5b93b0 DEOPT UNPACKING pc=0x000001cfe8ba46a2 sp=0x00000064d19f60c0 mode 2
Event: 6.892 Thread 0x000001cfde5b93b0 Uncommon trap: trap_request=0xffffff54 fr.pc=0x000001cfe94fe604 relative=0x00000000000005a4
Event: 6.892 Thread 0x000001cfde5b93b0 Uncommon trap: reason=speculate_null_assert action=make_not_entrant pc=0x000001cfe94fe604 method=org.jetbrains.kotlin.com.intellij.openapi.vfs.VfsUtilCore.isAncestor(Lorg/jetbrains/kotlin/com/intellij/openapi/vfs/VirtualFile;Lorg/jetbrains/kotlin/com/inte
Event: 6.892 Thread 0x000001cfde5b93b0 DEOPT PACKING pc=0x000001cfe94fe604 sp=0x00000064d19f8ec0
Event: 6.892 Thread 0x000001cfde5b93b0 DEOPT UNPACKING pc=0x000001cfe8ba46a2 sp=0x00000064d19f8df8 mode 2
Event: 6.902 Thread 0x000001cfde5b93b0 Uncommon trap: trap_request=0xffffff54 fr.pc=0x000001cfe949d2cc relative=0x000000000000056c
Event: 6.902 Thread 0x000001cfde5b93b0 Uncommon trap: reason=speculate_null_assert action=make_not_entrant pc=0x000001cfe949d2cc method=org.jetbrains.kotlin.com.intellij.openapi.vfs.VfsUtilCore.isAncestor(Lorg/jetbrains/kotlin/com/intellij/openapi/vfs/VirtualFile;Lorg/jetbrains/kotlin/com/inte
Event: 6.902 Thread 0x000001cfde5b93b0 DEOPT PACKING pc=0x000001cfe949d2cc sp=0x00000064d19f8290
Event: 6.902 Thread 0x000001cfde5b93b0 DEOPT UNPACKING pc=0x000001cfe8ba46a2 sp=0x00000064d19f81e8 mode 2
Event: 7.507 Thread 0x000001cfde5b93b0 Uncommon trap: trap_request=0xffffff45 fr.pc=0x000001cfe931d7d4 relative=0x0000000000000954
Event: 7.508 Thread 0x000001cfde5b93b0 Uncommon trap: reason=unstable_if action=reinterpret pc=0x000001cfe931d7d4 method=org.jetbrains.org.objectweb.asm.ClassReader.readUtf(II[C)Ljava/lang/String; @ 69 c2
Event: 7.508 Thread 0x000001cfde5b93b0 DEOPT PACKING pc=0x000001cfe931d7d4 sp=0x00000064d19f6f20
Event: 7.508 Thread 0x000001cfde5b93b0 DEOPT UNPACKING pc=0x000001cfe8ba46a2 sp=0x00000064d19f6e30 mode 2
Event: 7.508 Thread 0x000001cfde5b93b0 Uncommon trap: trap_request=0xffffff45 fr.pc=0x000001cfe93cb590 relative=0x00000000000003f0
Event: 7.508 Thread 0x000001cfde5b93b0 Uncommon trap: reason=unstable_if action=reinterpret pc=0x000001cfe93cb590 method=java.lang.StringUTF16.compress([CII)[B @ 13 c2
Event: 7.508 Thread 0x000001cfde5b93b0 DEOPT PACKING pc=0x000001cfe93cb590 sp=0x00000064d19f6ce0
Event: 7.508 Thread 0x000001cfde5b93b0 DEOPT UNPACKING pc=0x000001cfe8ba46a2 sp=0x00000064d19f6c20 mode 2

Classes loaded (20 events):
Event: 6.791 Loading class java/util/stream/Node$OfInt done
Event: 6.791 Loading class java/util/stream/Nodes$EmptyNode$OfInt done
Event: 6.791 Loading class java/util/stream/Nodes$EmptyNode$OfLong
Event: 6.791 Loading class java/util/stream/Node$OfLong
Event: 6.791 Loading class java/util/stream/Node$OfLong done
Event: 6.791 Loading class java/util/stream/Nodes$EmptyNode$OfLong done
Event: 6.791 Loading class java/util/stream/Nodes$EmptyNode$OfDouble
Event: 6.791 Loading class java/util/stream/Node$OfDouble
Event: 6.791 Loading class java/util/stream/Node$OfDouble done
Event: 6.791 Loading class java/util/stream/Nodes$EmptyNode$OfDouble done
Event: 6.791 Loading class java/util/stream/Nodes$SpinedNodeBuilder
Event: 6.791 Loading class java/util/stream/Node$Builder
Event: 6.791 Loading class java/util/stream/Node$Builder done
Event: 6.791 Loading class java/util/stream/SpinedBuffer
Event: 6.792 Loading class java/util/stream/AbstractSpinedBuffer
Event: 6.792 Loading class java/util/stream/AbstractSpinedBuffer done
Event: 6.792 Loading class java/util/stream/SpinedBuffer done
Event: 6.792 Loading class java/util/stream/Nodes$SpinedNodeBuilder done
Event: 6.793 Loading class java/util/stream/ReferencePipeline$2$1
Event: 6.793 Loading class java/util/stream/ReferencePipeline$2$1 done

Classes unloaded (0 events):
No events

Classes redefined (0 events):
No events

Internal exceptions (20 events):
Event: 4.019 Thread 0x000001cfde5b93b0 Implicit null exception at 0x000001cfe93759da to 0x000001cfe9375ad8
Event: 4.570 Thread 0x000001cfde5b93b0 Implicit null exception at 0x000001cfe93df7e9 to 0x000001cfe93dff7c
Event: 4.570 Thread 0x000001cfde5b93b0 Implicit null exception at 0x000001cfe934f3b7 to 0x000001cfe934f69c
Event: 4.573 Thread 0x000001cfde5b93b0 Implicit null exception at 0x000001cfe9354dbd to 0x000001cfe9354e39
Event: 5.536 Thread 0x000001cfde5b93b0 Exception <a 'java/lang/NoSuchMethodError'{0x00000000a63a5548}: 'java.lang.Object java.lang.invoke.DirectMethodHandle$Holder.invokeStaticInit(java.lang.Object, java.lang.Object, java.lang.Object, java.lang.Object)'> (0x00000000a63a5548) 
thrown [s\src\hotspot\share\interpreter\linkResolver.cpp, line 784]
Event: 5.950 Thread 0x000001cfde5b93b0 Exception <a 'java/lang/NoSuchMethodError'{0x00000000a614b560}: 'java.lang.Object java.lang.invoke.DirectMethodHandle$Holder.newInvokeSpecial(java.lang.Object, java.lang.Object, java.lang.Object, java.lang.Object, int)'> (0x00000000a614b560) 
thrown [s\src\hotspot\share\interpreter\linkResolver.cpp, line 784]
Event: 5.951 Thread 0x000001cfde5b93b0 Exception <a 'java/lang/NoSuchMethodError'{0x00000000a614f9a8}: 'java.lang.Object java.lang.invoke.DirectMethodHandle$Holder.invokeSpecial(java.lang.Object, java.lang.Object, java.lang.Object, java.lang.Object, java.lang.Object, int)'> (0x00000000a614f9a8) 
thrown [s\src\hotspot\share\interpreter\linkResolver.cpp, line 784]
Event: 5.952 Thread 0x000001cfde5b93b0 Exception <a 'java/lang/NoSuchMethodError'{0x00000000a61536e8}: 'java.lang.Object java.lang.invoke.Invokers$Holder.linkToTargetMethod(java.lang.Object, java.lang.Object, java.lang.Object, int, java.lang.Object)'> (0x00000000a61536e8) 
thrown [s\src\hotspot\share\interpreter\linkResolver.cpp, line 784]
Event: 5.976 Thread 0x000001cfde5b93b0 Exception <a 'java/lang/NoSuchMethodError'{0x00000000a6195f58}: 'java.lang.Object java.lang.invoke.DirectMethodHandle$Holder.newInvokeSpecial(java.lang.Object, java.lang.Object, java.lang.Object, java.lang.Object, int, java.lang.Object, java.lang.Object)'> (0x00000000a6195f58) 
thrown [s\src\hotspot\share\interpreter\linkResolver.cpp, line 784]
Event: 6.256 Thread 0x000001cfde5b93b0 Exception <a 'java/lang/NoSuchMethodError'{0x00000000a7a040b8}: 'java.lang.Object java.lang.invoke.DirectMethodHandle$Holder.newInvokeSpecial(java.lang.Object, java.lang.Object, java.lang.Object, int)'> (0x00000000a7a040b8) 
thrown [s\src\hotspot\share\interpreter\linkResolver.cpp, line 784]
Event: 6.256 Thread 0x000001cfde5b93b0 Exception <a 'java/lang/NoSuchMethodError'{0x00000000a7a07c88}: 'java.lang.Object java.lang.invoke.DirectMethodHandle$Holder.invokeSpecial(java.lang.Object, java.lang.Object, java.lang.Object, java.lang.Object, int)'> (0x00000000a7a07c88) 
thrown [s\src\hotspot\share\interpreter\linkResolver.cpp, line 784]
Event: 6.257 Thread 0x000001cfde5b93b0 Exception <a 'java/lang/NoSuchMethodError'{0x00000000a7a0b130}: 'java.lang.Object java.lang.invoke.Invokers$Holder.linkToTargetMethod(java.lang.Object, java.lang.Object, int, java.lang.Object)'> (0x00000000a7a0b130) 
thrown [s\src\hotspot\share\interpreter\linkResolver.cpp, line 784]
Event: 6.263 Thread 0x000001cfde5b93b0 Exception <a 'java/lang/NoSuchMethodError'{0x00000000a7a2c498}: 'java.lang.Object java.lang.invoke.DirectMethodHandle$Holder.newInvokeSpecial(java.lang.Object, int, java.lang.Object)'> (0x00000000a7a2c498) 
thrown [s\src\hotspot\share\interpreter\linkResolver.cpp, line 784]
Event: 6.298 Thread 0x000001cfde5b93b0 Exception <a 'java/lang/NoSuchMethodError'{0x00000000a78b83c8}: 'java.lang.Object java.lang.invoke.DirectMethodHandle$Holder.invokeStatic(java.lang.Object, java.lang.Object, java.lang.Object, int, java.lang.Object, java.lang.Object)'> (0x00000000a78b83c8) 
thrown [s\src\hotspot\share\interpreter\linkResolver.cpp, line 784]
Event: 6.786 Thread 0x000001cfde5b93b0 Exception <a 'java/lang/NoSuchMethodError'{0x00000000af1825e0}: 'void java.lang.invoke.DirectMethodHandle$Holder.invokeInterface(java.lang.Object, java.lang.Object)'> (0x00000000af1825e0) 
thrown [s\src\hotspot\share\interpreter\linkResolver.cpp, line 784]
Event: 6.877 Thread 0x000001cfde5b93b0 Exception <a 'java/lang/NoSuchMethodError'{0x00000000aefeb8a8}: 'java.lang.Object java.lang.invoke.DirectMethodHandle$Holder.invokeStatic(java.lang.Object, int, java.lang.Object, java.lang.Object)'> (0x00000000aefeb8a8) 
thrown [s\src\hotspot\share\interpreter\linkResolver.cpp, line 784]
Event: 7.190 Thread 0x000001cfde5b93b0 Exception <a 'java/lang/NoSuchMethodError'{0x00000000ae457428}: 'java.lang.Object java.lang.invoke.DirectMethodHandle$Holder.newInvokeSpecial(java.lang.Object, java.lang.Object, java.lang.Object, java.lang.Object, java.lang.Object, java.lang.Object, java.lang.Object, java.lang.Object, java.lang.Object)'> (0x00000000ae457428) 
thrown [s\src\hotspot\share\interpreter\linkResolver.cpp, line 784]
Event: 7.392 Thread 0x000001cfde5b93b0 Exception <a 'java/lang/NoSuchMethodError'{0x00000000adde04e0}: 'java.lang.Object java.lang.invoke.DirectMethodHandle$Holder.invokeStatic(java.lang.Object, java.lang.Object, java.lang.Object, int, int, java.lang.Object)'> (0x00000000adde04e0) 
thrown [s\src\hotspot\share\interpreter\linkResolver.cpp, line 784]
Event: 7.393 Thread 0x000001cfde5b93b0 Exception <a 'java/lang/NoSuchMethodError'{0x00000000adde8c78}: 'java.lang.Object java.lang.invoke.DirectMethodHandle$Holder.newInvokeSpecial(java.lang.Object, java.lang.Object, java.lang.Object, int, int)'> (0x00000000adde8c78) 
thrown [s\src\hotspot\share\interpreter\linkResolver.cpp, line 784]
Event: 7.393 Thread 0x000001cfde5b93b0 Exception <a 'java/lang/NoSuchMethodError'{0x00000000addecaf8}: 'java.lang.Object java.lang.invoke.DirectMethodHandle$Holder.invokeSpecial(java.lang.Object, java.lang.Object, java.lang.Object, java.lang.Object, int, int)'> (0x00000000addecaf8) 
thrown [s\src\hotspot\share\interpreter\linkResolver.cpp, line 784]

ZGC Phase Switch (0 events):
No events

VM Operations (20 events):
Event: 6.782 Executing VM operation: HandshakeAllThreads (Deoptimize)
Event: 6.782 Executing VM operation: HandshakeAllThreads (Deoptimize) done
Event: 6.957 Executing VM operation: HandshakeAllThreads (Deoptimize)
Event: 6.957 Executing VM operation: HandshakeAllThreads (Deoptimize) done
Event: 6.958 Executing VM operation: HandshakeAllThreads (Deoptimize)
Event: 6.958 Executing VM operation: HandshakeAllThreads (Deoptimize) done
Event: 6.989 Executing VM operation: HandshakeAllThreads (Deoptimize)
Event: 6.989 Executing VM operation: HandshakeAllThreads (Deoptimize) done
Event: 6.993 Executing VM operation: HandshakeAllThreads (Deoptimize)
Event: 6.993 Executing VM operation: HandshakeAllThreads (Deoptimize) done
Event: 7.030 Executing VM operation: ICBufferFull
Event: 7.031 Executing VM operation: ICBufferFull done
Event: 7.243 Executing VM operation: ICBufferFull
Event: 7.243 Executing VM operation: ICBufferFull done
Event: 7.339 Executing VM operation: HandshakeAllThreads (Deoptimize)
Event: 7.339 Executing VM operation: HandshakeAllThreads (Deoptimize) done
Event: 7.390 Executing VM operation: HandshakeAllThreads (Deoptimize)
Event: 7.390 Executing VM operation: HandshakeAllThreads (Deoptimize) done
Event: 7.412 Executing VM operation: ICBufferFull
Event: 7.413 Executing VM operation: ICBufferFull done

Memory protections (0 events):
No events

Nmethod flushes (20 events):
Event: 6.073 Thread 0x000001cff5c83e90 flushing  nmethod 0x000001cfe1c15d10
Event: 6.073 Thread 0x000001cff5c83e90 flushing  nmethod 0x000001cfe1c16c10
Event: 6.073 Thread 0x000001cff5c83e90 flushing  nmethod 0x000001cfe1c28310
Event: 6.073 Thread 0x000001cff5c83e90 flushing  nmethod 0x000001cfe1c2b210
Event: 6.073 Thread 0x000001cff5c83e90 flushing  nmethod 0x000001cfe1c38690
Event: 6.073 Thread 0x000001cff5c83e90 flushing  nmethod 0x000001cfe1c41810
Event: 6.073 Thread 0x000001cff5c83e90 flushing  nmethod 0x000001cfe1c5c690
Event: 6.073 Thread 0x000001cff5c83e90 flushing  nmethod 0x000001cfe1c5e110
Event: 6.073 Thread 0x000001cff5c83e90 flushing  nmethod 0x000001cfe1c5fe90
Event: 6.073 Thread 0x000001cff5c83e90 flushing  nmethod 0x000001cfe1c6a010
Event: 6.073 Thread 0x000001cff5c83e90 flushing  nmethod 0x000001cfe1cd2e90
Event: 6.073 Thread 0x000001cff5c83e90 flushing  nmethod 0x000001cfe1ce0990
Event: 6.073 Thread 0x000001cff5c83e90 flushing  nmethod 0x000001cfe1ce1390
Event: 6.073 Thread 0x000001cff5c83e90 flushing  nmethod 0x000001cfe1d07210
Event: 6.073 Thread 0x000001cff5c83e90 flushing  nmethod 0x000001cfe1d07d10
Event: 6.073 Thread 0x000001cff5c83e90 flushing  nmethod 0x000001cfe1d0a710
Event: 6.073 Thread 0x000001cff5c83e90 flushing  nmethod 0x000001cfe1d0af90
Event: 6.073 Thread 0x000001cff5c83e90 flushing  nmethod 0x000001cfe1d0c510
Event: 6.073 Thread 0x000001cff5c83e90 flushing  nmethod 0x000001cfe1d3d090
Event: 6.073 Thread 0x000001cff5c83e90 flushing  nmethod 0x000001cfe1dfc490

Events (20 events):
Event: 0.144 Thread 0x000001cfde5b93b0 Thread added: 0x000001cffa225f90
Event: 0.154 Loaded shared library C:\Program Files\Android\Android Studio\jbr\bin\net.dll
Event: 0.156 Loaded shared library C:\Program Files\Android\Android Studio\jbr\bin\nio.dll
Event: 0.178 Thread 0x000001cffa0845a0 Thread added: 0x000001cffa2c1d60
Event: 0.179 Thread 0x000001cffa0845a0 Thread added: 0x000001cffa2bf700
Event: 0.193 Loaded shared library C:\Program Files\Android\Android Studio\jbr\bin\zip.dll
Event: 0.241 Loaded shared library C:\Program Files\Android\Android Studio\jbr\bin\jimage.dll
Event: 0.412 Thread 0x000001cffa19ae40 Thread added: 0x000001cffa52ae80
Event: 0.641 Thread 0x000001cffa2bf700 Thread exited: 0x000001cffa2bf700
Event: 0.657 Thread 0x000001cffa2c1d60 Thread exited: 0x000001cffa2c1d60
Event: 0.689 Thread 0x000001cffa0890b0 Thread added: 0x000001cffa7d7060
Event: 1.797 Thread 0x000001cffa7d7060 Thread added: 0x000001cffaff0aa0
Event: 1.812 Thread 0x000001cffaff0aa0 Thread added: 0x000001cffae99f00
Event: 2.548 Thread 0x000001cffae99f00 Thread exited: 0x000001cffae99f00
Event: 2.552 Thread 0x000001cffaff0aa0 Thread exited: 0x000001cffaff0aa0
Event: 2.919 Thread 0x000001cffa19ae40 Thread added: 0x000001cffbd690e0
Event: 3.064 Thread 0x000001cffbd690e0 Thread exited: 0x000001cffbd690e0
Event: 3.806 Thread 0x000001cffa19ae40 Thread added: 0x000001cffbdf0470
Event: 3.892 Thread 0x000001cffa0890b0 Thread added: 0x000001cffbe0e050
Event: 5.717 Thread 0x000001cffbe0e050 Thread exited: 0x000001cffbe0e050


Dynamic libraries:
0x00007ff75ba90000 - 0x00007ff75ba9a000 	C:\Program Files\Android\Android Studio\jbr\bin\java.exe
0x00007ffe61f00000 - 0x00007ffe62163000 	C:\WINDOWS\SYSTEM32\ntdll.dll
0x00007ffe60860000 - 0x00007ffe60928000 	C:\WINDOWS\System32\KERNEL32.DLL
0x00007ffe5f4a0000 - 0x00007ffe5f852000 	C:\WINDOWS\System32\KERNELBASE.dll
0x00007ffe5fb50000 - 0x00007ffe5fc9b000 	C:\WINDOWS\System32\ucrtbase.dll
0x00007ffe47b90000 - 0x00007ffe47bab000 	C:\Program Files\Android\Android Studio\jbr\bin\VCRUNTIME140.dll
0x00007ffe40600000 - 0x00007ffe40618000 	C:\Program Files\Android\Android Studio\jbr\bin\jli.dll
0x00007ffe5fe10000 - 0x00007ffe5ffd8000 	C:\WINDOWS\System32\USER32.dll
0x00007ffe5fb20000 - 0x00007ffe5fb47000 	C:\WINDOWS\System32\win32u.dll
0x00007ffe4c760000 - 0x00007ffe4c9f0000 	C:\WINDOWS\WinSxS\amd64_microsoft.windows.common-controls_6595b64144ccf1df_6.0.26100.2454_none_3e0b68a2e331ad60\COMCTL32.dll
0x00007ffe60dc0000 - 0x00007ffe60dea000 	C:\WINDOWS\System32\GDI32.dll
0x00007ffe5fd60000 - 0x00007ffe5fe09000 	C:\WINDOWS\System32\msvcrt.dll
0x00007ffe5f370000 - 0x00007ffe5f49b000 	C:\WINDOWS\System32\gdi32full.dll
0x00007ffe5f860000 - 0x00007ffe5f903000 	C:\WINDOWS\System32\msvcp_win.dll
0x00007ffe60730000 - 0x00007ffe6075f000 	C:\WINDOWS\System32\IMM32.DLL
0x00007ffe556c0000 - 0x00007ffe556cc000 	C:\Program Files\Android\Android Studio\jbr\bin\vcruntime140_1.dll
0x00007ffe19780000 - 0x00007ffe1980d000 	C:\Program Files\Android\Android Studio\jbr\bin\msvcp140.dll
0x00007ffdf3120000 - 0x00007ffdf3da3000 	C:\Program Files\Android\Android Studio\jbr\bin\server\jvm.dll
0x00007ffe61560000 - 0x00007ffe61614000 	C:\WINDOWS\System32\ADVAPI32.dll
0x00007ffe60fc0000 - 0x00007ffe61066000 	C:\WINDOWS\System32\sechost.dll
0x00007ffe60ea0000 - 0x00007ffe60fb6000 	C:\WINDOWS\System32\RPCRT4.dll
0x00007ffe601d0000 - 0x00007ffe60244000 	C:\WINDOWS\System32\WS2_32.dll
0x00007ffe5f160000 - 0x00007ffe5f1ae000 	C:\WINDOWS\SYSTEM32\POWRPROF.dll
0x00007ffe547a0000 - 0x00007ffe547d6000 	C:\WINDOWS\SYSTEM32\WINMM.dll
0x00007ffe547e0000 - 0x00007ffe547eb000 	C:\WINDOWS\SYSTEM32\VERSION.dll
0x00007ffe5f140000 - 0x00007ffe5f154000 	C:\WINDOWS\SYSTEM32\UMPDC.dll
0x00007ffe5e110000 - 0x00007ffe5e12a000 	C:\WINDOWS\SYSTEM32\kernel.appcore.dll
0x00007ffe505d0000 - 0x00007ffe505da000 	C:\Program Files\Android\Android Studio\jbr\bin\jimage.dll
0x00007ffe5ca20000 - 0x00007ffe5cc61000 	C:\WINDOWS\SYSTEM32\DBGHELP.DLL
0x00007ffe610f0000 - 0x00007ffe6146e000 	C:\WINDOWS\System32\combase.dll
0x00007ffe60490000 - 0x00007ffe60566000 	C:\WINDOWS\System32\OLEAUT32.dll
0x00007ffe47d90000 - 0x00007ffe47dc9000 	C:\WINDOWS\SYSTEM32\dbgcore.DLL
0x00007ffe5f2d0000 - 0x00007ffe5f369000 	C:\WINDOWS\System32\bcryptPrimitives.dll
0x00007ffe42b50000 - 0x00007ffe42b70000 	C:\Program Files\Android\Android Studio\jbr\bin\java.dll
0x00007ffe42ad0000 - 0x00007ffe42ae8000 	C:\Program Files\Android\Android Studio\jbr\bin\zip.dll
0x00007ffe61630000 - 0x00007ffe61d31000 	C:\WINDOWS\System32\SHELL32.dll
0x00007ffe5cfc0000 - 0x00007ffe5d7f1000 	C:\WINDOWS\SYSTEM32\windows.storage.dll
0x00007ffe61480000 - 0x00007ffe6155a000 	C:\WINDOWS\System32\SHCORE.dll
0x00007ffe60e40000 - 0x00007ffe60e9d000 	C:\WINDOWS\System32\shlwapi.dll
0x00007ffe5f1e0000 - 0x00007ffe5f20e000 	C:\WINDOWS\SYSTEM32\profapi.dll
0x00007ffe4fa80000 - 0x00007ffe4fa90000 	C:\Program Files\Android\Android Studio\jbr\bin\net.dll
0x00007ffe5a190000 - 0x00007ffe5a2b6000 	C:\WINDOWS\SYSTEM32\WINHTTP.dll
0x00007ffe5e610000 - 0x00007ffe5e678000 	C:\WINDOWS\system32\mswsock.dll
0x00007ffe42930000 - 0x00007ffe42946000 	C:\Program Files\Android\Android Studio\jbr\bin\nio.dll
0x00007ffe42560000 - 0x00007ffe42570000 	C:\Program Files\Android\Android Studio\jbr\bin\verify.dll

dbghelp: loaded successfully - version: 4.0.5 - missing functions: none
symbol engine: initialized successfully - sym options: 0x614 - pdb path: .;C:\Program Files\Android\Android Studio\jbr\bin;C:\WINDOWS\SYSTEM32;C:\WINDOWS\WinSxS\amd64_microsoft.windows.common-controls_6595b64144ccf1df_6.0.26100.2454_none_3e0b68a2e331ad60;C:\Program Files\Android\Android Studio\jbr\bin\server

VM Arguments:
java_command: org.jetbrains.kotlin.cli.jvm.K2JVMCompiler @C:\Users\nkemj\StudioProjects\2025-csc1049-kfasan-waggify\code\app\build\20250211_3810082374476700996.compiler.options
java_class_path (initial): C:\Tools\Gradle\gradle-8.12\caches\modules-2\files-2.1\org.jetbrains.kotlin\kotlin-compiler-embeddable\2.0.0\1de310de3446414381282ffc46c3ed3919a4d1da\kotlin-compiler-embeddable-2.0.0.jar;C:\Tools\Gradle\gradle-8.12\caches\modules-2\files-2.1\org.jetbrains.kotlin\kotlin-stdlib\2.0.0\b48df2c4aede9586cc931ead433bc02d6fd7879e\kotlin-stdlib-2.0.0.jar;C:\Tools\Gradle\gradle-8.12\caches\modules-2\files-2.1\org.jetbrains.kotlin\kotlin-script-runtime\2.0.0\fdc27dd047d592fa41d2dfa21e7621287a361612\kotlin-script-runtime-2.0.0.jar;C:\Tools\Gradle\gradle-8.12\caches\modules-2\files-2.1\org.jetbrains.kotlin\kotlin-reflect\1.6.10\1cbe9c92c12a94eea200d23c2bbaedaf3daf5132\kotlin-reflect-1.6.10.jar;C:\Tools\Gradle\gradle-8.12\caches\modules-2\files-2.1\org.jetbrains.kotlin\kotlin-daemon-embeddable\2.0.0\b39c612768614c4428c96ee9c65477181fffe9d\kotlin-daemon-embeddable-2.0.0.jar;C:\Tools\Gradle\gradle-8.12\caches\modules-2\files-2.1\org.jetbrains.intellij.deps\trove4j\1.0.20200330\3afb14d5f9ceb459d724e907a21145e8ff394f02\trove4j-1.0.20200330.jar;C:\Tools\Gradle\gradle-8.12\caches\modules-2\files-2.1\org.jetbrains\annotations\13.0\919f0dfe192fb4e063e7dacadee7f8bb9a2672a9\annotations-13.0.jar
Launcher Type: SUN_STANDARD

[Global flags]
     intx CICompilerCount                          = 12                                        {product} {ergonomic}
     uint ConcGCThreads                            = 3                                         {product} {ergonomic}
     uint G1ConcRefinementThreads                  = 13                                        {product} {ergonomic}
   size_t G1HeapRegionSize                         = 1048576                                   {product} {ergonomic}
    uintx GCDrainStackTargetSize                   = 64                                        {product} {ergonomic}
   size_t InitialHeapSize                          = 98566144                                  {product} {ergonomic}
   size_t MarkStackSize                            = 4194304                                   {product} {ergonomic}
   size_t MaxHeapSize                              = 1568669696                                {product} {ergonomic}
   size_t MaxNewSize                               = 940572672                                 {product} {ergonomic}
   size_t MinHeapDeltaBytes                        = 1048576                                   {product} {ergonomic}
   size_t MinHeapSize                              = 8388608                                   {product} {ergonomic}
    uintx NonNMethodCodeHeapSize                   = 7602480                                {pd product} {ergonomic}
    uintx NonProfiledCodeHeapSize                  = 122027880                              {pd product} {ergonomic}
    uintx ProfiledCodeHeapSize                     = 122027880                              {pd product} {ergonomic}
    uintx ReservedCodeCacheSize                    = 251658240                              {pd product} {ergonomic}
     bool SegmentedCodeCache                       = true                                      {product} {ergonomic}
   size_t SoftMaxHeapSize                          = 1568669696                             {manageable} {ergonomic}
     bool UseCompressedOops                        = true                           {product lp64_product} {ergonomic}
     bool UseG1GC                                  = true                                      {product} {ergonomic}
     bool UseLargePagesIndividualAllocation        = false                                  {pd product} {ergonomic}

Logging:
Log output configuration:
 #0: stdout all=warning uptime,level,tags foldmultilines=false
 #1: stderr all=off uptime,level,tags foldmultilines=false

Environment Variables:
JAVA_HOME=C:\Users\nkemj\Downloads\openjdk-23.0.2_windows-x64_bin\jdk-23.0.2\
PATH=C:\WINDOWS\system32;C:\WINDOWS;C:\WINDOWS\System32\Wbem;C:\WINDOWS\System32\WindowsPowerShell\v1.0\;C:\WINDOWS\System32\OpenSSH\;C:\Program Files\Sublime Text;C:\Program Files\Git\cmd;C:\MinGW\bin;C:\Program Files\Docker\Docker\resources\bin;C:\Program Files\nodejs\;C:\Users\nkemj\Downloads\openjdk-23.0.2_windows-x64_bin\jdk-23.0.2\bin;C:\Program Files\MySQL\MySQL Shell 8.0\bin\;C:\Users\nkemj\AppData\Local\Microsoft\WindowsApps;C:\Users\nkemj\AppData\Local\Programs\Microsoft VS Code\bin;C:\Users\nkemj\AppData\Local\GitHubDesktop\bin;C:\Users\nkemj\AppData\Roaming\npm;C:\ghcup\bin;C:\Tools\Gradle\gradle-8.12\bin;
USERNAME=nkemj
OS=Windows_NT
PROCESSOR_IDENTIFIER=AMD64 Family 23 Model 104 Stepping 1, AuthenticAMD
TMP=C:\Users\nkemj\AppData\Local\Temp
TEMP=C:\Users\nkemj\AppData\Local\Temp




Periodic native trim disabled

JNI global refs:
JNI global refs: 24, weak refs: 12

JNI global refs memory usage: 835, weak refs: 833

Process memory usage:
Resident Set Size: 316580K (5% of 6122044K total physical memory with 477708K free physical memory)

OOME stack traces (most recent first):
Classloader memory used:
Loader jdk.internal.loader.ClassLoaders$AppClassLoader                                 : 44979K
Loader bootstrap                                                                       : 11130K
Loader java.net.URLClassLoader                                                         : 333K

---------------  S Y S T E M  ---------------

OS:
 Windows 11 , 64 bit Build 26100 (10.0.26100.2454)
OS uptime: 0 days 20:16 hours
Hyper-V role detected

CPU: total 16 (initial active 16) (16 cores per cpu, 2 threads per core) family 23 model 104 stepping 1 microcode 0x8608103, cx8, cmov, fxsr, ht, mmx, 3dnowpref, sse, sse2, sse3, ssse3, sse4a, sse4.1, sse4.2, popcnt, lzcnt, tsc, tscinvbit, avx, avx2, aes, clmul, bmi1, bmi2, adx, sha, fma, vzeroupper, clflush, clflushopt, hv, rdtscp, rdpid, f16c
Processor Information for all 16 processors :
  Max Mhz: 1801, Current Mhz: 1801, Mhz Limit: 1801

Memory: 4k page, system-wide physical 5978M (466M free)
TotalPageFile size 24410M (AvailPageFile size 5M)
current process WorkingSet (physical memory assigned to process): 309M, peak: 309M
current process commit charge ("private bytes"): 440M, peak: 442M

vm_info: OpenJDK 64-Bit Server VM (21.0.4+-12508038-b607.1) for windows-amd64 JRE (21.0.4+-12508038-b607.1), built on 2024-10-16T17:23:34Z by "builder" with MS VC++ 16.10 / 16.11 (VS2019)

END.
